{"D:\\Aaru\\Projects\\Overstock_B2B\\Sprint-2\\os_sprint_1-2_sass_eslint_testcase_2018_09_05\\app\\Components\\Com\\Com.jsx":{"path":"D:\\Aaru\\Projects\\Overstock_B2B\\Sprint-2\\os_sprint_1-2_sass_eslint_testcase_2018_09_05\\app\\Components\\Com\\Com.jsx","s":{"1":1,"2":1,"3":1,"4":1,"5":1,"6":1,"7":1,"8":1,"9":1,"10":1,"11":1,"12":1,"13":1,"14":1,"15":1,"16":1,"17":1,"18":1,"19":1,"20":1,"21":1,"22":1,"23":1,"24":1,"25":10,"26":1,"27":1,"28":1,"29":1,"30":1,"31":1,"32":1,"33":3,"34":3,"35":1,"36":1,"37":1,"38":1,"39":1,"40":1,"41":1,"42":1,"43":1,"44":1,"45":1,"46":1,"47":1,"48":1,"49":1,"50":7,"51":7,"52":1,"53":1,"54":1},"b":{"1":[6,4],"2":[10,10],"3":[1,0],"4":[7,3],"5":[7,2],"6":[7,1]},"f":{"1":10,"2":1,"3":1,"4":3,"5":1,"6":1,"7":1,"8":1,"9":7},"fnMap":{"1":{"name":"_interopRequireDefault","line":0,"loc":{"start":{"line":0,"column":0},"end":{"line":0,"column":0}},"skip":true},"2":{"name":"(anonymous_2)","line":0,"loc":{"start":{"line":0,"column":0},"end":{"line":0,"column":0}},"skip":true},"3":{"name":"Com","line":12,"loc":{"start":{"line":12,"column":18},"end":{"line":12,"column":18}}},"4":{"name":"(anonymous_4)","line":19,"loc":{"start":{"line":19,"column":15},"end":{"line":19,"column":21}}},"5":{"name":"(anonymous_5)","line":24,"loc":{"start":{"line":24,"column":19},"end":{"line":24,"column":25}}},"6":{"name":"(anonymous_6)","line":29,"loc":{"start":{"line":29,"column":17},"end":{"line":29,"column":29}}},"7":{"name":"(anonymous_7)","line":35,"loc":{"start":{"line":35,"column":19},"end":{"line":35,"column":25}}},"8":{"name":"(anonymous_8)","line":39,"loc":{"start":{"line":39,"column":27},"end":{"line":39,"column":37}}},"9":{"name":"render","line":43,"loc":{"start":{"line":43,"column":15},"end":{"line":43,"column":15}}}},"statementMap":{"1":{"start":{"line":0,"column":0},"end":{"line":0,"column":0},"skip":true},"2":{"start":{"line":0,"column":0},"end":{"line":0,"column":0},"skip":true},"3":{"start":{"line":0,"column":0},"end":{"line":0,"column":0},"skip":true},"4":{"start":{"line":0,"column":0},"end":{"line":0,"column":0},"skip":true},"5":{"start":{"line":0,"column":0},"end":{"line":0,"column":0},"skip":true},"6":{"start":{"line":0,"column":0},"end":{"line":0,"column":0},"skip":true},"7":{"start":{"line":0,"column":0},"end":{"line":0,"column":0},"skip":true},"8":{"start":{"line":0,"column":0},"end":{"line":0,"column":0},"skip":true},"9":{"start":{"line":0,"column":0},"end":{"line":0,"column":0},"skip":true},"10":{"start":{"line":1,"column":0},"end":{"line":null,"column":null}},"11":{"start":{"line":0,"column":0},"end":{"line":0,"column":0},"skip":true},"12":{"start":{"line":2,"column":0},"end":{"line":null,"column":null}},"13":{"start":{"line":0,"column":0},"end":{"line":0,"column":0},"skip":true},"14":{"start":{"line":3,"column":0},"end":{"line":null,"column":null}},"15":{"start":{"line":4,"column":0},"end":{"line":null,"column":null}},"16":{"start":{"line":5,"column":0},"end":{"line":null,"column":null}},"17":{"start":{"line":0,"column":0},"end":{"line":0,"column":0},"skip":true},"18":{"start":{"line":6,"column":0},"end":{"line":null,"column":null}},"19":{"start":{"line":0,"column":0},"end":{"line":0,"column":0},"skip":true},"20":{"start":{"line":7,"column":0},"end":{"line":null,"column":null}},"21":{"start":{"line":0,"column":0},"end":{"line":0,"column":0},"skip":true},"22":{"start":{"line":8,"column":0},"end":{"line":null,"column":null}},"23":{"start":{"line":0,"column":0},"end":{"line":0,"column":0},"skip":true},"24":{"start":{"line":0,"column":0},"end":{"line":0,"column":0},"skip":true},"25":{"start":{"line":0,"column":0},"end":{"line":0,"column":0},"skip":true},"26":{"start":{"line":10,"column":0},"end":{"line":null,"column":null}},"27":{"start":{"line":11,"column":6},"end":{"line":null,"column":null}},"28":{"start":{"line":0,"column":0},"end":{"line":0,"column":0},"skip":true},"29":{"start":{"line":12,"column":18},"end":{"line":null,"column":null}},"30":{"start":{"line":0,"column":0},"end":{"line":0,"column":0},"skip":true},"31":{"start":{"line":0,"column":0},"end":{"line":0,"column":0},"skip":true},"32":{"start":{"line":19,"column":4},"end":{"line":null,"column":null}},"33":{"start":{"line":20,"column":16},"end":{"line":null,"column":null}},"34":{"start":{"line":21,"column":13},"end":{"line":null,"column":null}},"35":{"start":{"line":24,"column":4},"end":{"line":null,"column":null}},"36":{"start":{"line":25,"column":16},"end":{"line":null,"column":null}},"37":{"start":{"line":26,"column":13},"end":{"line":null,"column":null}},"38":{"start":{"line":29,"column":6},"end":{"line":null,"column":null}},"39":{"start":{"line":30,"column":18},"end":{"line":null,"column":null}},"40":{"start":{"line":32,"column":18},"end":{"line":null,"column":null}},"41":{"start":{"line":35,"column":6},"end":{"line":null,"column":null}},"42":{"start":{"line":36,"column":18},"end":{"line":null,"column":null}},"43":{"start":{"line":39,"column":6},"end":{"line":null,"column":null}},"44":{"start":{"line":40,"column":15},"end":{"line":null,"column":null}},"45":{"start":{"line":14,"column":13},"end":{"line":null,"column":null}},"46":{"start":{"line":15,"column":13},"end":{"line":null,"column":null}},"47":{"start":{"line":16,"column":13},"end":{"line":null,"column":null}},"48":{"start":{"line":0,"column":0},"end":{"line":0,"column":0},"skip":true},"49":{"start":{"line":0,"column":0},"end":{"line":0,"column":0},"skip":true},"50":{"start":{"line":44,"column":48},"end":{"line":null,"column":null}},"51":{"start":{"line":46,"column":14},"end":{"line":null,"column":null}},"52":{"start":{"line":0,"column":0},"end":{"line":0,"column":0},"skip":true},"53":{"start":{"line":88,"column":15},"end":{"line":null,"column":null}},"54":{"start":{"line":0,"column":0},"end":{"line":0,"column":0},"skip":true}},"branchMap":{"1":{"line":0,"type":"cond-expr","locations":[{"start":{"line":0,"column":0},"end":{"line":0,"column":0},"skip":true},{"start":{"line":0,"column":0},"end":{"line":0,"column":0},"skip":true}]},"2":{"line":0,"type":"binary-expr","locations":[{"start":{"line":0,"column":0},"end":{"line":0,"column":0},"skip":true},{"start":{"line":0,"column":0},"end":{"line":0,"column":0},"skip":true}]},"3":{"line":0,"type":"binary-expr","locations":[{"start":{"line":0,"column":0},"end":{"line":0,"column":0},"skip":true},{"start":{"line":0,"column":0},"end":{"line":0,"column":0},"skip":true}]},"4":{"line":64,"type":"binary-expr","locations":[{"start":{"line":64,"column":35},"end":{"line":64,"column":23}},{"start":{"line":66,"column":16},"end":{"line":63,"column":18}}]},"5":{"line":71,"type":"binary-expr","locations":[{"start":{"line":71,"column":35},"end":{"line":71,"column":23}},{"start":{"line":73,"column":29},"end":{"line":63,"column":18}}]},"6":{"line":77,"type":"binary-expr","locations":[{"start":{"line":77,"column":35},"end":{"line":77,"column":23}},{"start":{"line":79,"column":29},"end":{"line":null,"column":null}}]}}},"D:\\Aaru\\Projects\\Overstock_B2B\\Sprint-2\\os_sprint_1-2_sass_eslint_testcase_2018_09_05\\app\\Components\\Com\\ComBusinessInfo\\ComBusinessInfo.jsx":{"path":"D:\\Aaru\\Projects\\Overstock_B2B\\Sprint-2\\os_sprint_1-2_sass_eslint_testcase_2018_09_05\\app\\Components\\Com\\ComBusinessInfo\\ComBusinessInfo.jsx","s":{"1":1,"2":1,"3":1,"4":1,"5":1,"6":1,"7":1,"8":1,"9":1,"10":1,"11":3,"12":1,"13":1,"14":1,"15":2,"16":2,"17":1,"18":1,"19":1,"20":1},"b":{"1":[2,1],"2":[3,3],"3":[2,1],"4":[2,1]},"f":{"1":3,"2":2,"3":1,"4":1},"fnMap":{"1":{"name":"_interopRequireDefault","line":0,"loc":{"start":{"line":0,"column":0},"end":{"line":0,"column":0}},"skip":true},"2":{"name":"ComBusinessInfo","line":40,"loc":{"start":{"line":40,"column":24},"end":{"line":40,"column":35}}},"3":{"name":"onClick","line":61,"loc":{"start":{"line":61,"column":41},"end":{"line":null,"column":null}}},"4":{"name":"onClick","line":81,"loc":{"start":{"line":81,"column":41},"end":{"line":81,"column":47}}}},"statementMap":{"1":{"start":{"line":0,"column":0},"end":{"line":0,"column":0},"skip":true},"2":{"start":{"line":1,"column":0},"end":{"line":null,"column":null}},"3":{"start":{"line":0,"column":0},"end":{"line":0,"column":0},"skip":true},"4":{"start":{"line":3,"column":0},"end":{"line":null,"column":null}},"5":{"start":{"line":6,"column":0},"end":{"line":null,"column":null}},"6":{"start":{"line":7,"column":0},"end":{"line":null,"column":null}},"7":{"start":{"line":0,"column":0},"end":{"line":0,"column":0},"skip":true},"8":{"start":{"line":8,"column":0},"end":{"line":null,"column":null}},"9":{"start":{"line":0,"column":0},"end":{"line":0,"column":0},"skip":true},"10":{"start":{"line":0,"column":0},"end":{"line":0,"column":0},"skip":true},"11":{"start":{"line":0,"column":0},"end":{"line":0,"column":0},"skip":true},"12":{"start":{"line":10,"column":0},"end":{"line":null,"column":null}},"13":{"start":{"line":24,"column":0},"end":{"line":null,"column":null}},"14":{"start":{"line":40,"column":0},"end":{"line":null,"column":null}},"15":{"start":{"line":41,"column":12},"end":{"line":null,"column":null}},"16":{"start":{"line":44,"column":8},"end":{"line":null,"column":null}},"17":{"start":{"line":61,"column":47},"end":{"line":null,"column":null}},"18":{"start":{"line":81,"column":70},"end":{"line":null,"column":null}},"19":{"start":{"line":109,"column":15},"end":{"line":null,"column":null}},"20":{"start":{"line":0,"column":0},"end":{"line":0,"column":0},"skip":true}},"branchMap":{"1":{"line":0,"type":"cond-expr","locations":[{"start":{"line":0,"column":0},"end":{"line":0,"column":0},"skip":true},{"start":{"line":0,"column":0},"end":{"line":0,"column":0},"skip":true}]},"2":{"line":0,"type":"binary-expr","locations":[{"start":{"line":0,"column":0},"end":{"line":0,"column":0},"skip":true},{"start":{"line":0,"column":0},"end":{"line":0,"column":0},"skip":true}]},"3":{"line":96,"type":"binary-expr","locations":[{"start":{"line":96,"column":34},"end":{"line":96,"column":17}},{"start":{"line":97,"column":20},"end":{"line":95,"column":12}}]},"4":{"line":100,"type":"binary-expr","locations":[{"start":{"line":100,"column":34},"end":{"line":100,"column":17}},{"start":{"line":101,"column":20},"end":{"line":null,"column":null}}]}}},"D:\\Aaru\\Projects\\Overstock_B2B\\Sprint-2\\os_sprint_1-2_sass_eslint_testcase_2018_09_05\\app\\Components\\Com\\ComBusinessInfo\\SmallBusiness\\SmallBusiness.jsx":{"path":"D:\\Aaru\\Projects\\Overstock_B2B\\Sprint-2\\os_sprint_1-2_sass_eslint_testcase_2018_09_05\\app\\Components\\Com\\ComBusinessInfo\\SmallBusiness\\SmallBusiness.jsx","s":{"1":1,"2":1,"3":1,"4":1,"5":1,"6":1,"7":1,"8":1,"9":1,"10":1,"11":1,"12":1,"13":3,"14":1,"15":181,"16":1,"17":2,"18":1,"19":40,"20":40,"21":40,"22":40,"23":37,"24":3,"25":2,"26":40,"27":1,"28":163,"29":163,"30":1,"31":7,"32":7,"33":7,"34":7,"35":4,"36":2,"37":2,"38":1,"39":4,"40":3,"41":1,"42":2,"43":1,"44":1,"45":55,"46":55,"47":1,"48":2,"49":1,"50":1,"51":1,"52":1,"53":18,"54":18,"55":1,"56":1},"b":{"1":[1,2],"2":[3,3],"3":[1,180],"4":[1,1],"5":[2,2],"6":[37,3],"7":[2,1],"8":[163,1,1],"9":[4,3],"10":[2,2],"11":[1,1],"12":[3,1],"13":[1,2],"14":[1,1],"15":[55,1,1],"16":[1,1]},"f":{"1":3,"2":181,"3":2,"4":40,"5":163,"6":7,"7":55,"8":2,"9":18},"fnMap":{"1":{"name":"_interopRequireDefault","line":0,"loc":{"start":{"line":0,"column":0},"end":{"line":0,"column":0}},"skip":true},"2":{"name":"required","line":8,"loc":{"start":{"line":8,"column":24},"end":{"line":null,"column":null}}},"3":{"name":"positiveValue","line":9,"loc":{"start":{"line":9,"column":29},"end":{"line":null,"column":null}}},"4":{"name":"validate","line":12,"loc":{"start":{"line":12,"column":24},"end":{"line":12,"column":36}}},"5":{"name":"renderField","line":27,"loc":{"start":{"line":27,"column":27},"end":{"line":null,"column":null}}},"6":{"name":"phoneChange","line":41,"loc":{"start":{"line":41,"column":27},"end":{"line":41,"column":46}}},"7":{"name":"customPhoneField","line":62,"loc":{"start":{"line":62,"column":32},"end":{"line":null,"column":null}}},"8":{"name":"normalizeZip","line":77,"loc":{"start":{"line":77,"column":28},"end":{"line":77,"column":39}}},"9":{"name":"SmallBusiness","line":85,"loc":{"start":{"line":85,"column":22},"end":{"line":85,"column":33}}}},"statementMap":{"1":{"start":{"line":0,"column":0},"end":{"line":0,"column":0},"skip":true},"2":{"start":{"line":0,"column":0},"end":{"line":0,"column":0},"skip":true},"3":{"start":{"line":0,"column":0},"end":{"line":0,"column":0},"skip":true},"4":{"start":{"line":0,"column":0},"end":{"line":0,"column":0},"skip":true},"5":{"start":{"line":1,"column":0},"end":{"line":null,"column":null}},"6":{"start":{"line":0,"column":0},"end":{"line":0,"column":0},"skip":true},"7":{"start":{"line":2,"column":0},"end":{"line":null,"column":null}},"8":{"start":{"line":3,"column":0},"end":{"line":null,"column":null}},"9":{"start":{"line":0,"column":0},"end":{"line":0,"column":0},"skip":true},"10":{"start":{"line":4,"column":0},"end":{"line":null,"column":null}},"11":{"start":{"line":5,"column":0},"end":{"line":null,"column":null}},"12":{"start":{"line":0,"column":0},"end":{"line":0,"column":0},"skip":true},"13":{"start":{"line":0,"column":0},"end":{"line":0,"column":0},"skip":true},"14":{"start":{"line":8,"column":7},"end":{"line":null,"column":null}},"15":{"start":{"line":8,"column":34},"end":{"line":null,"column":null}},"16":{"start":{"line":9,"column":7},"end":{"line":null,"column":null}},"17":{"start":{"line":10,"column":4},"end":{"line":null,"column":null}},"18":{"start":{"line":12,"column":7},"end":{"line":null,"column":null}},"19":{"start":{"line":13,"column":10},"end":{"line":null,"column":null}},"20":{"start":{"line":15,"column":10},"end":{"line":null,"column":null}},"21":{"start":{"line":17,"column":10},"end":{"line":null,"column":null}},"22":{"start":{"line":19,"column":8},"end":{"line":null,"column":null}},"23":{"start":{"line":20,"column":14},"end":{"line":null,"column":null}},"24":{"start":{"line":21,"column":11},"end":{"line":null,"column":null}},"25":{"start":{"line":22,"column":14},"end":{"line":null,"column":null}},"26":{"start":{"line":24,"column":11},"end":{"line":null,"column":null}},"27":{"start":{"line":27,"column":7},"end":{"line":null,"column":null}},"28":{"start":{"line":28,"column":4},"end":{"line":null,"column":null}},"29":{"start":{"line":30,"column":4},"end":{"line":null,"column":null}},"30":{"start":{"line":41,"column":7},"end":{"line":null,"column":null}},"31":{"start":{"line":42,"column":10},"end":{"line":null,"column":null}},"32":{"start":{"line":43,"column":10},"end":{"line":null,"column":null}},"33":{"start":{"line":44,"column":10},"end":{"line":null,"column":null}},"34":{"start":{"line":45,"column":8},"end":{"line":null,"column":null}},"35":{"start":{"line":46,"column":12},"end":{"line":null,"column":null}},"36":{"start":{"line":47,"column":21},"end":{"line":null,"column":null}},"37":{"start":{"line":48,"column":15},"end":{"line":null,"column":null}},"38":{"start":{"line":49,"column":21},"end":{"line":null,"column":null}},"39":{"start":{"line":53,"column":8},"end":{"line":null,"column":null}},"40":{"start":{"line":54,"column":12},"end":{"line":null,"column":null}},"41":{"start":{"line":55,"column":21},"end":{"line":null,"column":null}},"42":{"start":{"line":56,"column":15},"end":{"line":null,"column":null}},"43":{"start":{"line":57,"column":21},"end":{"line":null,"column":null}},"44":{"start":{"line":62,"column":7},"end":{"line":null,"column":null}},"45":{"start":{"line":63,"column":4},"end":{"line":null,"column":null}},"46":{"start":{"line":65,"column":4},"end":{"line":null,"column":null}},"47":{"start":{"line":77,"column":7},"end":{"line":null,"column":null}},"48":{"start":{"line":78,"column":8},"end":{"line":null,"column":null}},"49":{"start":{"line":79,"column":15},"end":{"line":null,"column":null}},"50":{"start":{"line":81,"column":10},"end":{"line":null,"column":null}},"51":{"start":{"line":82,"column":11},"end":{"line":null,"column":null}},"52":{"start":{"line":85,"column":0},"end":{"line":null,"column":null}},"53":{"start":{"line":86,"column":12},"end":{"line":null,"column":null}},"54":{"start":{"line":92,"column":8},"end":{"line":null,"column":null}},"55":{"start":{"line":227,"column":0},"end":{"line":null,"column":null}},"56":{"start":{"line":232,"column":15},"end":{"line":null,"column":null}}},"branchMap":{"1":{"line":0,"type":"cond-expr","locations":[{"start":{"line":0,"column":0},"end":{"line":0,"column":0},"skip":true},{"start":{"line":0,"column":0},"end":{"line":0,"column":0},"skip":true}]},"2":{"line":0,"type":"binary-expr","locations":[{"start":{"line":0,"column":0},"end":{"line":0,"column":0},"skip":true},{"start":{"line":0,"column":0},"end":{"line":0,"column":0},"skip":true}]},"3":{"line":8,"type":"cond-expr","locations":[{"start":{"line":8,"column":42},"end":{"line":8,"column":34}},{"start":{"line":8,"column":54},"end":{"line":8,"column":24}}]},"4":{"line":10,"type":"cond-expr","locations":[{"start":{"line":10,"column":26},"end":{"line":10,"column":4}},{"start":{"line":10,"column":54},"end":{"line":9,"column":29}}]},"5":{"line":10,"type":"binary-expr","locations":[{"start":{"line":10,"column":4},"end":{"line":10,"column":13}},{"start":{"line":10,"column":13},"end":{"line":10,"column":4}}]},"6":{"line":19,"type":"if","locations":[{"start":{"line":19,"column":8},"end":{"line":19,"column":8}},{"start":{"line":19,"column":8},"end":{"line":19,"column":8}}]},"7":{"line":21,"type":"if","locations":[{"start":{"line":21,"column":11},"end":{"line":21,"column":11}},{"start":{"line":21,"column":11},"end":{"line":21,"column":11}}]},"8":{"line":37,"type":"binary-expr","locations":[{"start":{"line":37,"column":22},"end":{"line":37,"column":22}},{"start":{"line":37,"column":22},"end":{"line":37,"column":32}},{"start":{"line":37,"column":32},"end":{"line":null,"column":null}}]},"9":{"line":45,"type":"if","locations":[{"start":{"line":45,"column":8},"end":{"line":45,"column":8}},{"start":{"line":45,"column":8},"end":{"line":45,"column":8}}]},"10":{"line":46,"type":"if","locations":[{"start":{"line":46,"column":12},"end":{"line":46,"column":12}},{"start":{"line":46,"column":12},"end":{"line":46,"column":12}}]},"11":{"line":48,"type":"if","locations":[{"start":{"line":48,"column":15},"end":{"line":48,"column":15}},{"start":{"line":48,"column":15},"end":{"line":48,"column":15}}]},"12":{"line":53,"type":"if","locations":[{"start":{"line":53,"column":8},"end":{"line":53,"column":8}},{"start":{"line":53,"column":8},"end":{"line":53,"column":8}}]},"13":{"line":54,"type":"if","locations":[{"start":{"line":54,"column":12},"end":{"line":54,"column":12}},{"start":{"line":54,"column":12},"end":{"line":54,"column":12}}]},"14":{"line":56,"type":"if","locations":[{"start":{"line":56,"column":15},"end":{"line":56,"column":15}},{"start":{"line":56,"column":15},"end":{"line":56,"column":15}}]},"15":{"line":73,"type":"binary-expr","locations":[{"start":{"line":73,"column":22},"end":{"line":73,"column":22}},{"start":{"line":73,"column":22},"end":{"line":73,"column":32}},{"start":{"line":73,"column":32},"end":{"line":null,"column":null}}]},"16":{"line":78,"type":"if","locations":[{"start":{"line":78,"column":8},"end":{"line":78,"column":8}},{"start":{"line":78,"column":8},"end":{"line":78,"column":8}}]}}},"D:\\Aaru\\Projects\\Overstock_B2B\\Sprint-2\\os_sprint_1-2_sass_eslint_testcase_2018_09_05\\app\\Components\\Com\\ComBusinessInfo\\Corporation\\Corporation.jsx":{"path":"D:\\Aaru\\Projects\\Overstock_B2B\\Sprint-2\\os_sprint_1-2_sass_eslint_testcase_2018_09_05\\app\\Components\\Com\\ComBusinessInfo\\Corporation\\Corporation.jsx","s":{"1":1,"2":1,"3":1,"4":1,"5":1,"6":1,"7":1,"8":1,"9":1,"10":1,"11":1,"12":1,"13":3,"14":1,"15":191,"16":1,"17":2,"18":1,"19":42,"20":42,"21":42,"22":42,"23":39,"24":3,"25":2,"26":42,"27":1,"28":153,"29":153,"30":1,"31":20,"32":20,"33":1,"34":0,"35":20,"36":0,"37":20,"38":0,"39":1,"40":6,"41":6,"42":6,"43":6,"44":3,"45":1,"46":2,"47":1,"48":4,"49":4,"50":3,"51":1,"52":2,"53":1,"54":1,"55":58,"56":58,"57":1,"58":2,"59":1,"60":1,"61":1,"62":1,"63":19,"64":19,"65":1,"66":1},"b":{"1":[1,2],"2":[3,3],"3":[1,190],"4":[1,1],"5":[2,2],"6":[39,3],"7":[2,1],"8":[153,1,1],"9":[20,1,1],"10":[3,3],"11":[1,2],"12":[1,1],"13":[3,1],"14":[1,2],"15":[1,1],"16":[58,1,1],"17":[1,1]},"f":{"1":3,"2":191,"3":2,"4":42,"5":153,"6":20,"7":20,"8":0,"9":0,"10":0,"11":6,"12":58,"13":2,"14":19},"fnMap":{"1":{"name":"_interopRequireDefault","line":0,"loc":{"start":{"line":0,"column":0},"end":{"line":0,"column":0}},"skip":true},"2":{"name":"required","line":11,"loc":{"start":{"line":11,"column":24},"end":{"line":null,"column":null}}},"3":{"name":"positiveValue","line":13,"loc":{"start":{"line":13,"column":29},"end":{"line":null,"column":null}}},"4":{"name":"validate","line":16,"loc":{"start":{"line":16,"column":24},"end":{"line":16,"column":36}}},"5":{"name":"renderField","line":31,"loc":{"start":{"line":31,"column":27},"end":{"line":null,"column":null}}},"6":{"name":"FieldFileInput","line":46,"loc":{"start":{"line":46,"column":30},"end":{"line":null,"column":null}}},"7":{"name":"(anonymous_7)","line":0,"loc":{"start":{"line":0,"column":0},"end":{"line":0,"column":0}},"skip":true},"8":{"name":"onChange","line":0,"loc":{"start":{"line":0,"column":0},"end":{"line":0,"column":0}},"skip":true},"9":{"name":"(anonymous_9)","line":0,"loc":{"start":{"line":0,"column":0},"end":{"line":0,"column":0}},"skip":true},"10":{"name":"(anonymous_10)","line":56,"loc":{"start":{"line":56,"column":26},"end":{"line":null,"column":null}}},"11":{"name":"phoneChange","line":64,"loc":{"start":{"line":64,"column":27},"end":{"line":64,"column":46}}},"12":{"name":"customPhoneField","line":85,"loc":{"start":{"line":85,"column":32},"end":{"line":null,"column":null}}},"13":{"name":"normalizeZip","line":100,"loc":{"start":{"line":100,"column":28},"end":{"line":100,"column":39}}},"14":{"name":"Corporation","line":108,"loc":{"start":{"line":108,"column":20},"end":{"line":108,"column":31}}}},"statementMap":{"1":{"start":{"line":0,"column":0},"end":{"line":0,"column":0},"skip":true},"2":{"start":{"line":0,"column":0},"end":{"line":0,"column":0},"skip":true},"3":{"start":{"line":0,"column":0},"end":{"line":0,"column":0},"skip":true},"4":{"start":{"line":0,"column":0},"end":{"line":0,"column":0},"skip":true},"5":{"start":{"line":1,"column":0},"end":{"line":null,"column":null}},"6":{"start":{"line":0,"column":0},"end":{"line":0,"column":0},"skip":true},"7":{"start":{"line":3,"column":0},"end":{"line":null,"column":null}},"8":{"start":{"line":4,"column":0},"end":{"line":null,"column":null}},"9":{"start":{"line":5,"column":0},"end":{"line":null,"column":null}},"10":{"start":{"line":0,"column":0},"end":{"line":0,"column":0},"skip":true},"11":{"start":{"line":6,"column":0},"end":{"line":null,"column":null}},"12":{"start":{"line":0,"column":0},"end":{"line":0,"column":0},"skip":true},"13":{"start":{"line":0,"column":0},"end":{"line":0,"column":0},"skip":true},"14":{"start":{"line":11,"column":7},"end":{"line":null,"column":null}},"15":{"start":{"line":11,"column":34},"end":{"line":null,"column":null}},"16":{"start":{"line":13,"column":7},"end":{"line":null,"column":null}},"17":{"start":{"line":14,"column":4},"end":{"line":null,"column":null}},"18":{"start":{"line":16,"column":7},"end":{"line":null,"column":null}},"19":{"start":{"line":17,"column":10},"end":{"line":null,"column":null}},"20":{"start":{"line":19,"column":10},"end":{"line":null,"column":null}},"21":{"start":{"line":21,"column":10},"end":{"line":null,"column":null}},"22":{"start":{"line":23,"column":8},"end":{"line":null,"column":null}},"23":{"start":{"line":24,"column":14},"end":{"line":null,"column":null}},"24":{"start":{"line":25,"column":11},"end":{"line":null,"column":null}},"25":{"start":{"line":26,"column":14},"end":{"line":null,"column":null}},"26":{"start":{"line":28,"column":11},"end":{"line":null,"column":null}},"27":{"start":{"line":31,"column":7},"end":{"line":null,"column":null}},"28":{"start":{"line":32,"column":4},"end":{"line":null,"column":null}},"29":{"start":{"line":34,"column":4},"end":{"line":null,"column":null}},"30":{"start":{"line":46,"column":7},"end":{"line":null,"column":null}},"31":{"start":{"line":47,"column":4},"end":{"line":null,"column":null}},"32":{"start":{"line":49,"column":4},"end":{"line":null,"column":null}},"33":{"start":{"line":0,"column":0},"end":{"line":0,"column":0},"skip":true},"34":{"start":{"line":0,"column":0},"end":{"line":0,"column":0},"skip":true},"35":{"start":{"line":0,"column":0},"end":{"line":0,"column":0},"skip":true},"36":{"start":{"line":0,"column":0},"end":{"line":0,"column":0},"skip":true},"37":{"start":{"line":0,"column":0},"end":{"line":0,"column":0},"skip":true},"38":{"start":{"line":56,"column":31},"end":{"line":null,"column":null}},"39":{"start":{"line":64,"column":7},"end":{"line":null,"column":null}},"40":{"start":{"line":65,"column":10},"end":{"line":null,"column":null}},"41":{"start":{"line":66,"column":10},"end":{"line":null,"column":null}},"42":{"start":{"line":67,"column":10},"end":{"line":null,"column":null}},"43":{"start":{"line":68,"column":8},"end":{"line":null,"column":null}},"44":{"start":{"line":69,"column":12},"end":{"line":null,"column":null}},"45":{"start":{"line":70,"column":21},"end":{"line":null,"column":null}},"46":{"start":{"line":71,"column":15},"end":{"line":null,"column":null}},"47":{"start":{"line":72,"column":21},"end":{"line":null,"column":null}},"48":{"start":{"line":75,"column":12},"end":{"line":null,"column":null}},"49":{"start":{"line":76,"column":8},"end":{"line":null,"column":null}},"50":{"start":{"line":77,"column":12},"end":{"line":null,"column":null}},"51":{"start":{"line":78,"column":21},"end":{"line":null,"column":null}},"52":{"start":{"line":79,"column":15},"end":{"line":null,"column":null}},"53":{"start":{"line":80,"column":21},"end":{"line":null,"column":null}},"54":{"start":{"line":85,"column":7},"end":{"line":null,"column":null}},"55":{"start":{"line":86,"column":4},"end":{"line":null,"column":null}},"56":{"start":{"line":88,"column":4},"end":{"line":null,"column":null}},"57":{"start":{"line":100,"column":7},"end":{"line":null,"column":null}},"58":{"start":{"line":101,"column":8},"end":{"line":null,"column":null}},"59":{"start":{"line":102,"column":15},"end":{"line":null,"column":null}},"60":{"start":{"line":104,"column":10},"end":{"line":null,"column":null}},"61":{"start":{"line":105,"column":11},"end":{"line":null,"column":null}},"62":{"start":{"line":108,"column":0},"end":{"line":null,"column":null}},"63":{"start":{"line":110,"column":8},"end":{"line":null,"column":null}},"64":{"start":{"line":114,"column":8},"end":{"line":null,"column":null}},"65":{"start":{"line":274,"column":0},"end":{"line":null,"column":null}},"66":{"start":{"line":279,"column":15},"end":{"line":null,"column":null}}},"branchMap":{"1":{"line":0,"type":"cond-expr","locations":[{"start":{"line":0,"column":0},"end":{"line":0,"column":0},"skip":true},{"start":{"line":0,"column":0},"end":{"line":0,"column":0},"skip":true}]},"2":{"line":0,"type":"binary-expr","locations":[{"start":{"line":0,"column":0},"end":{"line":0,"column":0},"skip":true},{"start":{"line":0,"column":0},"end":{"line":0,"column":0},"skip":true}]},"3":{"line":11,"type":"cond-expr","locations":[{"start":{"line":11,"column":42},"end":{"line":11,"column":34}},{"start":{"line":11,"column":54},"end":{"line":11,"column":24}}]},"4":{"line":14,"type":"cond-expr","locations":[{"start":{"line":14,"column":26},"end":{"line":14,"column":4}},{"start":{"line":14,"column":54},"end":{"line":13,"column":29}}]},"5":{"line":14,"type":"binary-expr","locations":[{"start":{"line":14,"column":4},"end":{"line":14,"column":13}},{"start":{"line":14,"column":13},"end":{"line":14,"column":4}}]},"6":{"line":23,"type":"if","locations":[{"start":{"line":23,"column":8},"end":{"line":23,"column":8}},{"start":{"line":23,"column":8},"end":{"line":23,"column":8}}]},"7":{"line":25,"type":"if","locations":[{"start":{"line":25,"column":11},"end":{"line":25,"column":11}},{"start":{"line":25,"column":11},"end":{"line":25,"column":11}}]},"8":{"line":41,"type":"binary-expr","locations":[{"start":{"line":41,"column":22},"end":{"line":41,"column":22}},{"start":{"line":41,"column":22},"end":{"line":41,"column":32}},{"start":{"line":41,"column":32},"end":{"line":null,"column":null}}]},"9":{"line":58,"type":"binary-expr","locations":[{"start":{"line":58,"column":26},"end":{"line":58,"column":26}},{"start":{"line":58,"column":26},"end":{"line":58,"column":36}},{"start":{"line":58,"column":36},"end":{"line":null,"column":null}}]},"10":{"line":68,"type":"if","locations":[{"start":{"line":68,"column":8},"end":{"line":68,"column":8}},{"start":{"line":68,"column":8},"end":{"line":68,"column":8}}]},"11":{"line":69,"type":"if","locations":[{"start":{"line":69,"column":12},"end":{"line":69,"column":12}},{"start":{"line":69,"column":12},"end":{"line":69,"column":12}}]},"12":{"line":71,"type":"if","locations":[{"start":{"line":71,"column":15},"end":{"line":71,"column":15}},{"start":{"line":71,"column":15},"end":{"line":71,"column":15}}]},"13":{"line":76,"type":"if","locations":[{"start":{"line":76,"column":8},"end":{"line":76,"column":8}},{"start":{"line":76,"column":8},"end":{"line":76,"column":8}}]},"14":{"line":77,"type":"if","locations":[{"start":{"line":77,"column":12},"end":{"line":77,"column":12}},{"start":{"line":77,"column":12},"end":{"line":77,"column":12}}]},"15":{"line":79,"type":"if","locations":[{"start":{"line":79,"column":15},"end":{"line":79,"column":15}},{"start":{"line":79,"column":15},"end":{"line":79,"column":15}}]},"16":{"line":96,"type":"binary-expr","locations":[{"start":{"line":96,"column":22},"end":{"line":96,"column":22}},{"start":{"line":96,"column":22},"end":{"line":96,"column":32}},{"start":{"line":96,"column":32},"end":{"line":null,"column":null}}]},"17":{"line":101,"type":"if","locations":[{"start":{"line":101,"column":8},"end":{"line":101,"column":8}},{"start":{"line":101,"column":8},"end":{"line":101,"column":8}}]}}},"D:\\Aaru\\Projects\\Overstock_B2B\\Sprint-2\\os_sprint_1-2_sass_eslint_testcase_2018_09_05\\app\\Components\\Com\\Quickverify\\Quickverify.jsx":{"path":"D:\\Aaru\\Projects\\Overstock_B2B\\Sprint-2\\os_sprint_1-2_sass_eslint_testcase_2018_09_05\\app\\Components\\Com\\Quickverify\\Quickverify.jsx","s":{"1":1,"2":1,"3":1,"4":1,"5":1,"6":1,"7":1,"8":1,"9":1,"10":1,"11":1,"12":1,"13":1,"14":1,"15":1,"16":1,"17":1,"18":1,"19":6,"20":1,"21":45,"22":45,"23":1,"24":44,"25":1,"26":43,"27":1,"28":42,"29":1,"30":45,"31":1,"32":9,"33":2,"34":7,"35":7,"36":5,"37":1,"38":4,"39":1,"40":3,"41":1,"42":4,"43":1,"44":3,"45":1,"46":2,"47":1,"48":1,"49":1,"50":171,"51":171,"52":1,"53":2,"54":1,"55":1,"56":1,"57":1,"58":1,"59":1,"60":19,"61":19,"62":19,"63":1,"64":19,"65":19,"66":1,"67":20,"68":20,"69":20,"70":1,"71":1},"b":{"1":[5,1],"2":[6,6],"3":[1,44],"4":[1,43],"5":[1,42],"6":[1,41],"7":[2,7],"8":[5,2],"9":[7,3],"10":[1,4],"11":[1,3],"12":[1,2],"13":[1,3],"14":[1,2],"15":[1,1],"16":[171,0,0],"17":[1,1],"18":[19,0],"19":[1,19]},"f":{"1":6,"2":45,"3":9,"4":171,"5":2,"6":1,"7":19,"8":1,"9":20},"fnMap":{"1":{"name":"_interopRequireDefault","line":0,"loc":{"start":{"line":0,"column":0},"end":{"line":0,"column":0}},"skip":true},"2":{"name":"validate","line":6,"loc":{"start":{"line":6,"column":24},"end":{"line":6,"column":36}}},"3":{"name":"normalizeCard","line":21,"loc":{"start":{"line":21,"column":29},"end":{"line":21,"column":55}}},"4":{"name":"renderField","line":51,"loc":{"start":{"line":51,"column":27},"end":{"line":null,"column":null}}},"5":{"name":"normalizeZip","line":61,"loc":{"start":{"line":61,"column":28},"end":{"line":61,"column":39}}},"6":{"name":"(anonymous_6)","line":0,"loc":{"start":{"line":0,"column":0},"end":{"line":0,"column":0}},"skip":true},"7":{"name":"QuickVerify","line":71,"loc":{"start":{"line":71,"column":16},"end":{"line":71,"column":23}}},"8":{"name":"(anonymous_8)","line":79,"loc":{"start":{"line":79,"column":19},"end":{"line":79,"column":25}}},"9":{"name":"render","line":85,"loc":{"start":{"line":85,"column":13},"end":{"line":85,"column":13}}}},"statementMap":{"1":{"start":{"line":0,"column":0},"end":{"line":0,"column":0},"skip":true},"2":{"start":{"line":0,"column":0},"end":{"line":0,"column":0},"skip":true},"3":{"start":{"line":0,"column":0},"end":{"line":0,"column":0},"skip":true},"4":{"start":{"line":0,"column":0},"end":{"line":0,"column":0},"skip":true},"5":{"start":{"line":0,"column":0},"end":{"line":0,"column":0},"skip":true},"6":{"start":{"line":0,"column":0},"end":{"line":0,"column":0},"skip":true},"7":{"start":{"line":0,"column":0},"end":{"line":0,"column":0},"skip":true},"8":{"start":{"line":0,"column":0},"end":{"line":0,"column":0},"skip":true},"9":{"start":{"line":0,"column":0},"end":{"line":0,"column":0},"skip":true},"10":{"start":{"line":0,"column":0},"end":{"line":0,"column":0},"skip":true},"11":{"start":{"line":0,"column":0},"end":{"line":0,"column":0},"skip":true},"12":{"start":{"line":0,"column":0},"end":{"line":0,"column":0},"skip":true},"13":{"start":{"line":1,"column":0},"end":{"line":null,"column":null}},"14":{"start":{"line":0,"column":0},"end":{"line":0,"column":0},"skip":true},"15":{"start":{"line":2,"column":0},"end":{"line":null,"column":null}},"16":{"start":{"line":3,"column":0},"end":{"line":null,"column":null}},"17":{"start":{"line":4,"column":0},"end":{"line":null,"column":null}},"18":{"start":{"line":0,"column":0},"end":{"line":0,"column":0},"skip":true},"19":{"start":{"line":0,"column":0},"end":{"line":0,"column":0},"skip":true},"20":{"start":{"line":6,"column":7},"end":{"line":null,"column":null}},"21":{"start":{"line":7,"column":10},"end":{"line":null,"column":null}},"22":{"start":{"line":8,"column":8},"end":{"line":null,"column":null}},"23":{"start":{"line":9,"column":15},"end":{"line":null,"column":null}},"24":{"start":{"line":10,"column":11},"end":{"line":null,"column":null}},"25":{"start":{"line":11,"column":15},"end":{"line":null,"column":null}},"26":{"start":{"line":12,"column":11},"end":{"line":null,"column":null}},"27":{"start":{"line":13,"column":15},"end":{"line":null,"column":null}},"28":{"start":{"line":14,"column":11},"end":{"line":null,"column":null}},"29":{"start":{"line":15,"column":15},"end":{"line":null,"column":null}},"30":{"start":{"line":18,"column":11},"end":{"line":null,"column":null}},"31":{"start":{"line":21,"column":7},"end":{"line":null,"column":null}},"32":{"start":{"line":22,"column":8},"end":{"line":null,"column":null}},"33":{"start":{"line":23,"column":15},"end":{"line":null,"column":null}},"34":{"start":{"line":25,"column":10},"end":{"line":null,"column":null}},"35":{"start":{"line":26,"column":8},"end":{"line":null,"column":null}},"36":{"start":{"line":28,"column":12},"end":{"line":null,"column":null}},"37":{"start":{"line":29,"column":22},"end":{"line":null,"column":null}},"38":{"start":{"line":31,"column":12},"end":{"line":null,"column":null}},"39":{"start":{"line":32,"column":22},"end":{"line":null,"column":null}},"40":{"start":{"line":34,"column":12},"end":{"line":null,"column":null}},"41":{"start":{"line":35,"column":22},"end":{"line":null,"column":null}},"42":{"start":{"line":38,"column":8},"end":{"line":null,"column":null}},"43":{"start":{"line":39,"column":15},"end":{"line":null,"column":null}},"44":{"start":{"line":41,"column":8},"end":{"line":null,"column":null}},"45":{"start":{"line":42,"column":18},"end":{"line":null,"column":null}},"46":{"start":{"line":44,"column":8},"end":{"line":null,"column":null}},"47":{"start":{"line":45,"column":18},"end":{"line":null,"column":null}},"48":{"start":{"line":47,"column":14},"end":{"line":null,"column":null}},"49":{"start":{"line":51,"column":7},"end":{"line":null,"column":null}},"50":{"start":{"line":52,"column":4},"end":{"line":null,"column":null}},"51":{"start":{"line":54,"column":4},"end":{"line":null,"column":null}},"52":{"start":{"line":61,"column":7},"end":{"line":null,"column":null}},"53":{"start":{"line":62,"column":8},"end":{"line":null,"column":null}},"54":{"start":{"line":63,"column":15},"end":{"line":null,"column":null}},"55":{"start":{"line":65,"column":10},"end":{"line":null,"column":null}},"56":{"start":{"line":66,"column":11},"end":{"line":null,"column":null}},"57":{"start":{"line":70,"column":6},"end":{"line":null,"column":null}},"58":{"start":{"line":0,"column":0},"end":{"line":0,"column":0},"skip":true},"59":{"start":{"line":71,"column":16},"end":{"line":null,"column":null}},"60":{"start":{"line":0,"column":0},"end":{"line":0,"column":0},"skip":true},"61":{"start":{"line":72,"column":14},"end":{"line":null,"column":null}},"62":{"start":{"line":79,"column":4},"end":{"line":null,"column":null}},"63":{"start":{"line":80,"column":13},"end":{"line":null,"column":null}},"64":{"start":{"line":73,"column":13},"end":{"line":null,"column":null}},"65":{"start":{"line":0,"column":0},"end":{"line":0,"column":0},"skip":true},"66":{"start":{"line":0,"column":0},"end":{"line":0,"column":0},"skip":true},"67":{"start":{"line":86,"column":40},"end":{"line":null,"column":null}},"68":{"start":{"line":87,"column":16},"end":{"line":null,"column":null}},"69":{"start":{"line":89,"column":12},"end":{"line":null,"column":null}},"70":{"start":{"line":0,"column":0},"end":{"line":0,"column":0},"skip":true},"71":{"start":{"line":142,"column":15},"end":{"line":null,"column":null}}},"branchMap":{"1":{"line":0,"type":"cond-expr","locations":[{"start":{"line":0,"column":0},"end":{"line":0,"column":0},"skip":true},{"start":{"line":0,"column":0},"end":{"line":0,"column":0},"skip":true}]},"2":{"line":0,"type":"binary-expr","locations":[{"start":{"line":0,"column":0},"end":{"line":0,"column":0},"skip":true},{"start":{"line":0,"column":0},"end":{"line":0,"column":0},"skip":true}]},"3":{"line":8,"type":"if","locations":[{"start":{"line":8,"column":8},"end":{"line":8,"column":8}},{"start":{"line":8,"column":8},"end":{"line":8,"column":8}}]},"4":{"line":10,"type":"if","locations":[{"start":{"line":10,"column":11},"end":{"line":10,"column":11}},{"start":{"line":10,"column":11},"end":{"line":10,"column":11}}]},"5":{"line":12,"type":"if","locations":[{"start":{"line":12,"column":11},"end":{"line":12,"column":11}},{"start":{"line":12,"column":11},"end":{"line":12,"column":11}}]},"6":{"line":14,"type":"if","locations":[{"start":{"line":14,"column":11},"end":{"line":14,"column":11}},{"start":{"line":14,"column":11},"end":{"line":14,"column":11}}]},"7":{"line":22,"type":"if","locations":[{"start":{"line":22,"column":8},"end":{"line":22,"column":8}},{"start":{"line":22,"column":8},"end":{"line":22,"column":8}}]},"8":{"line":26,"type":"if","locations":[{"start":{"line":26,"column":8},"end":{"line":26,"column":8}},{"start":{"line":26,"column":8},"end":{"line":26,"column":8}}]},"9":{"line":26,"type":"binary-expr","locations":[{"start":{"line":26,"column":8},"end":{"line":26,"column":8}},{"start":{"line":26,"column":26},"end":{"line":26,"column":4}}]},"10":{"line":28,"type":"if","locations":[{"start":{"line":28,"column":12},"end":{"line":28,"column":12}},{"start":{"line":28,"column":12},"end":{"line":28,"column":12}}]},"11":{"line":31,"type":"if","locations":[{"start":{"line":31,"column":12},"end":{"line":31,"column":12}},{"start":{"line":31,"column":12},"end":{"line":31,"column":12}}]},"12":{"line":34,"type":"if","locations":[{"start":{"line":34,"column":12},"end":{"line":34,"column":12}},{"start":{"line":34,"column":12},"end":{"line":34,"column":12}}]},"13":{"line":38,"type":"if","locations":[{"start":{"line":38,"column":8},"end":{"line":38,"column":8}},{"start":{"line":38,"column":8},"end":{"line":38,"column":8}}]},"14":{"line":41,"type":"if","locations":[{"start":{"line":41,"column":8},"end":{"line":41,"column":8}},{"start":{"line":41,"column":8},"end":{"line":41,"column":8}}]},"15":{"line":44,"type":"if","locations":[{"start":{"line":44,"column":8},"end":{"line":44,"column":8}},{"start":{"line":44,"column":8},"end":{"line":44,"column":8}}]},"16":{"line":57,"type":"binary-expr","locations":[{"start":{"line":57,"column":22},"end":{"line":57,"column":22}},{"start":{"line":57,"column":22},"end":{"line":57,"column":31}},{"start":{"line":57,"column":31},"end":{"line":null,"column":null}}]},"17":{"line":62,"type":"if","locations":[{"start":{"line":62,"column":8},"end":{"line":62,"column":8}},{"start":{"line":62,"column":8},"end":{"line":62,"column":8}}]},"18":{"line":72,"type":"binary-expr","locations":[{"start":{"line":72,"column":14},"end":{"line":72,"column":14}},{"start":{"line":72,"column":14},"end":{"line":72,"column":14}}]},"19":{"line":133,"type":"cond-expr","locations":[{"start":{"line":133,"column":105},"end":{"line":133,"column":93}},{"start":{"line":133,"column":114},"end":{"line":null,"column":null}}]}}},"D:\\Aaru\\Projects\\Overstock_B2B\\Sprint-2\\os_sprint_1-2_sass_eslint_testcase_2018_09_05\\app\\Components\\ShoppingPreference\\ShoppingPreference.jsx":{"path":"D:\\Aaru\\Projects\\Overstock_B2B\\Sprint-2\\os_sprint_1-2_sass_eslint_testcase_2018_09_05\\app\\Components\\ShoppingPreference\\ShoppingPreference.jsx","s":{"1":1,"2":1,"3":1,"4":1,"5":1,"6":1,"7":1,"8":1,"9":1,"10":1,"11":1,"12":1,"13":1,"14":1,"15":1,"16":1,"17":1,"18":1,"19":1,"20":1,"21":1,"22":1,"23":1,"24":1,"25":1,"26":1,"27":11,"28":1,"29":1,"30":1,"31":17,"32":17,"33":17,"34":5,"35":5,"36":3,"37":3,"38":2,"39":2,"40":2,"41":2,"42":32,"43":2,"44":2,"45":17,"46":2,"47":2,"48":1,"49":1,"50":17,"51":1,"52":1,"53":1,"54":1,"55":17,"56":1,"57":1,"58":1,"59":1,"60":17,"61":32,"62":32,"63":32,"64":32,"65":16,"66":1,"67":270,"68":1,"69":17,"70":1,"71":17,"72":1,"73":1,"74":1,"75":1,"76":1,"77":17,"78":17,"79":17,"80":1,"81":17,"82":1,"83":32,"84":32,"85":32,"86":32,"87":32,"88":27,"89":27,"90":5,"91":1,"92":1,"93":1,"94":1},"b":{"1":[5,6],"2":[11,11],"3":[17,0],"4":[3,2],"5":[1,1],"6":[1,1],"7":[5,27],"8":[5,27],"9":[1,0],"10":[3,29],"11":[4,28],"12":[8,24],"13":[32,27]},"f":{"1":11,"2":1,"3":17,"4":5,"5":32,"6":2,"7":1,"8":1,"9":1,"10":32,"11":16,"12":1,"13":270,"14":1,"15":1,"16":1,"17":17,"18":1,"19":32,"20":27,"21":27,"22":5,"23":1},"fnMap":{"1":{"name":"_interopRequireDefault","line":0,"loc":{"start":{"line":0,"column":0},"end":{"line":0,"column":0}},"skip":true},"2":{"name":"(anonymous_2)","line":0,"loc":{"start":{"line":0,"column":0},"end":{"line":0,"column":0}},"skip":true},"3":{"name":"ShoppingPreference","line":11,"loc":{"start":{"line":11,"column":16},"end":{"line":11,"column":23}}},"4":{"name":"(anonymous_4)","line":31,"loc":{"start":{"line":31,"column":23},"end":{"line":31,"column":34}}},"5":{"name":"(anonymous_5)","line":51,"loc":{"start":{"line":51,"column":55},"end":{"line":null,"column":null}}},"6":{"name":"(anonymous_6)","line":65,"loc":{"start":{"line":65,"column":21},"end":{"line":65,"column":32}}},"7":{"name":"(anonymous_7)","line":75,"loc":{"start":{"line":75,"column":22},"end":{"line":75,"column":33}}},"8":{"name":"(anonymous_8)","line":77,"loc":{"start":{"line":77,"column":45},"end":{"line":null,"column":null}}},"9":{"name":"(anonymous_9)","line":83,"loc":{"start":{"line":83,"column":30},"end":{"line":83,"column":36}}},"10":{"name":"(anonymous_10)","line":94,"loc":{"start":{"line":94,"column":21},"end":{"line":94,"column":27}}},"11":{"name":"(anonymous_11)","line":109,"loc":{"start":{"line":109,"column":39},"end":{"line":null,"column":null}}},"12":{"name":"onClick","line":111,"loc":{"start":{"line":111,"column":90},"end":{"line":null,"column":null}}},"13":{"name":"(anonymous_13)","line":119,"loc":{"start":{"line":119,"column":39},"end":{"line":null,"column":null}}},"14":{"name":"onClick","line":121,"loc":{"start":{"line":121,"column":73},"end":{"line":null,"column":null}}},"15":{"name":"(anonymous_15)","line":133,"loc":{"start":{"line":133,"column":25},"end":{"line":133,"column":31}}},"16":{"name":"(anonymous_16)","line":137,"loc":{"start":{"line":137,"column":18},"end":{"line":137,"column":25}}},"17":{"name":"componentWillMount","line":23,"loc":{"start":{"line":23,"column":25},"end":{"line":23,"column":25}}},"18":{"name":"componentWillUnmount","line":27,"loc":{"start":{"line":27,"column":27},"end":{"line":27,"column":27}}},"19":{"name":"render","line":150,"loc":{"start":{"line":150,"column":13},"end":{"line":150,"column":13}}},"20":{"name":"ref","line":158,"loc":{"start":{"line":158,"column":26},"end":{"line":158,"column":36}}},"21":{"name":"ref","line":164,"loc":{"start":{"line":164,"column":48},"end":{"line":164,"column":56}}},"22":{"name":"(anonymous_22)","line":180,"loc":{"start":{"line":180,"column":58},"end":{"line":null,"column":null}}},"23":{"name":"onClick","line":185,"loc":{"start":{"line":185,"column":129},"end":{"line":null,"column":null}}}},"statementMap":{"1":{"start":{"line":0,"column":0},"end":{"line":0,"column":0},"skip":true},"2":{"start":{"line":0,"column":0},"end":{"line":0,"column":0},"skip":true},"3":{"start":{"line":0,"column":0},"end":{"line":0,"column":0},"skip":true},"4":{"start":{"line":0,"column":0},"end":{"line":0,"column":0},"skip":true},"5":{"start":{"line":0,"column":0},"end":{"line":0,"column":0},"skip":true},"6":{"start":{"line":0,"column":0},"end":{"line":0,"column":0},"skip":true},"7":{"start":{"line":0,"column":0},"end":{"line":0,"column":0},"skip":true},"8":{"start":{"line":0,"column":0},"end":{"line":0,"column":0},"skip":true},"9":{"start":{"line":0,"column":0},"end":{"line":0,"column":0},"skip":true},"10":{"start":{"line":0,"column":0},"end":{"line":0,"column":0},"skip":true},"11":{"start":{"line":0,"column":0},"end":{"line":0,"column":0},"skip":true},"12":{"start":{"line":1,"column":0},"end":{"line":null,"column":null}},"13":{"start":{"line":0,"column":0},"end":{"line":0,"column":0},"skip":true},"14":{"start":{"line":2,"column":0},"end":{"line":null,"column":null}},"15":{"start":{"line":0,"column":0},"end":{"line":0,"column":0},"skip":true},"16":{"start":{"line":3,"column":0},"end":{"line":null,"column":null}},"17":{"start":{"line":4,"column":0},"end":{"line":null,"column":null}},"18":{"start":{"line":5,"column":0},"end":{"line":null,"column":null}},"19":{"start":{"line":0,"column":0},"end":{"line":0,"column":0},"skip":true},"20":{"start":{"line":6,"column":0},"end":{"line":null,"column":null}},"21":{"start":{"line":0,"column":0},"end":{"line":0,"column":0},"skip":true},"22":{"start":{"line":7,"column":0},"end":{"line":null,"column":null}},"23":{"start":{"line":0,"column":0},"end":{"line":0,"column":0},"skip":true},"24":{"start":{"line":8,"column":0},"end":{"line":null,"column":null}},"25":{"start":{"line":0,"column":0},"end":{"line":0,"column":0},"skip":true},"26":{"start":{"line":0,"column":0},"end":{"line":0,"column":0},"skip":true},"27":{"start":{"line":0,"column":0},"end":{"line":0,"column":0},"skip":true},"28":{"start":{"line":10,"column":6},"end":{"line":null,"column":null}},"29":{"start":{"line":0,"column":0},"end":{"line":0,"column":0},"skip":true},"30":{"start":{"line":11,"column":16},"end":{"line":null,"column":null}},"31":{"start":{"line":0,"column":0},"end":{"line":0,"column":0},"skip":true},"32":{"start":{"line":12,"column":14},"end":{"line":null,"column":null}},"33":{"start":{"line":31,"column":4},"end":{"line":null,"column":null}},"34":{"start":{"line":32,"column":12},"end":{"line":null,"column":null}},"35":{"start":{"line":34,"column":12},"end":{"line":null,"column":null}},"36":{"start":{"line":35,"column":18},"end":{"line":null,"column":null}},"37":{"start":{"line":36,"column":17},"end":{"line":null,"column":null}},"38":{"start":{"line":42,"column":16},"end":{"line":null,"column":null}},"39":{"start":{"line":44,"column":17},"end":{"line":null,"column":null}},"40":{"start":{"line":49,"column":31},"end":{"line":null,"column":null}},"41":{"start":{"line":51,"column":31},"end":{"line":null,"column":null}},"42":{"start":{"line":52,"column":17},"end":{"line":null,"column":null}},"43":{"start":{"line":55,"column":32},"end":{"line":null,"column":null}},"44":{"start":{"line":57,"column":17},"end":{"line":null,"column":null}},"45":{"start":{"line":65,"column":4},"end":{"line":null,"column":null}},"46":{"start":{"line":66,"column":16},"end":{"line":null,"column":null}},"47":{"start":{"line":67,"column":12},"end":{"line":null,"column":null}},"48":{"start":{"line":68,"column":21},"end":{"line":null,"column":null}},"49":{"start":{"line":69,"column":17},"end":{"line":null,"column":null}},"50":{"start":{"line":75,"column":4},"end":{"line":null,"column":null}},"51":{"start":{"line":76,"column":16},"end":{"line":null,"column":null}},"52":{"start":{"line":77,"column":14},"end":{"line":null,"column":null}},"53":{"start":{"line":77,"column":53},"end":{"line":null,"column":null}},"54":{"start":{"line":78,"column":13},"end":{"line":null,"column":null}},"55":{"start":{"line":83,"column":4},"end":{"line":null,"column":null}},"56":{"start":{"line":84,"column":14},"end":{"line":null,"column":null}},"57":{"start":{"line":85,"column":16},"end":{"line":null,"column":null}},"58":{"start":{"line":86,"column":16},"end":{"line":null,"column":null}},"59":{"start":{"line":87,"column":13},"end":{"line":null,"column":null}},"60":{"start":{"line":94,"column":4},"end":{"line":null,"column":null}},"61":{"start":{"line":95,"column":60},"end":{"line":null,"column":null}},"62":{"start":{"line":96,"column":14},"end":{"line":null,"column":null}},"63":{"start":{"line":100,"column":25},"end":{"line":null,"column":null}},"64":{"start":{"line":103,"column":12},"end":{"line":null,"column":null}},"65":{"start":{"line":110,"column":32},"end":{"line":null,"column":null}},"66":{"start":{"line":111,"column":96},"end":{"line":null,"column":null}},"67":{"start":{"line":120,"column":32},"end":{"line":null,"column":null}},"68":{"start":{"line":121,"column":79},"end":{"line":null,"column":null}},"69":{"start":{"line":133,"column":4},"end":{"line":null,"column":null}},"70":{"start":{"line":134,"column":16},"end":{"line":null,"column":null}},"71":{"start":{"line":137,"column":4},"end":{"line":null,"column":null}},"72":{"start":{"line":138,"column":12},"end":{"line":null,"column":null}},"73":{"start":{"line":139,"column":18},"end":{"line":null,"column":null}},"74":{"start":{"line":140,"column":20},"end":{"line":null,"column":null}},"75":{"start":{"line":141,"column":20},"end":{"line":null,"column":null}},"76":{"start":{"line":142,"column":17},"end":{"line":null,"column":null}},"77":{"start":{"line":13,"column":13},"end":{"line":null,"column":null}},"78":{"start":{"line":20,"column":13},"end":{"line":null,"column":null}},"79":{"start":{"line":0,"column":0},"end":{"line":0,"column":0},"skip":true},"80":{"start":{"line":0,"column":0},"end":{"line":0,"column":0},"skip":true},"81":{"start":{"line":24,"column":17},"end":{"line":null,"column":null}},"82":{"start":{"line":28,"column":17},"end":{"line":null,"column":null}},"83":{"start":{"line":0,"column":0},"end":{"line":0,"column":0},"skip":true},"84":{"start":{"line":151,"column":16},"end":{"line":null,"column":null}},"85":{"start":{"line":152,"column":66},"end":{"line":null,"column":null}},"86":{"start":{"line":154,"column":16},"end":{"line":null,"column":null}},"87":{"start":{"line":156,"column":12},"end":{"line":null,"column":null}},"88":{"start":{"line":158,"column":43},"end":{"line":null,"column":null}},"89":{"start":{"line":164,"column":63},"end":{"line":null,"column":null}},"90":{"start":{"line":181,"column":48},"end":{"line":null,"column":null}},"91":{"start":{"line":185,"column":135},"end":{"line":null,"column":null}},"92":{"start":{"line":0,"column":0},"end":{"line":0,"column":0},"skip":true},"93":{"start":{"line":215,"column":15},"end":{"line":null,"column":null}},"94":{"start":{"line":0,"column":0},"end":{"line":0,"column":0},"skip":true}},"branchMap":{"1":{"line":0,"type":"cond-expr","locations":[{"start":{"line":0,"column":0},"end":{"line":0,"column":0},"skip":true},{"start":{"line":0,"column":0},"end":{"line":0,"column":0},"skip":true}]},"2":{"line":0,"type":"binary-expr","locations":[{"start":{"line":0,"column":0},"end":{"line":0,"column":0},"skip":true},{"start":{"line":0,"column":0},"end":{"line":0,"column":0},"skip":true}]},"3":{"line":12,"type":"binary-expr","locations":[{"start":{"line":12,"column":14},"end":{"line":12,"column":14}},{"start":{"line":12,"column":14},"end":{"line":12,"column":14}}]},"4":{"line":34,"type":"if","locations":[{"start":{"line":34,"column":12},"end":{"line":34,"column":12}},{"start":{"line":34,"column":12},"end":{"line":34,"column":12}}]},"5":{"line":55,"type":"cond-expr","locations":[{"start":{"line":55,"column":64},"end":{"line":55,"column":32}},{"start":{"line":55,"column":86},"end":{"line":55,"column":12}}]},"6":{"line":67,"type":"if","locations":[{"start":{"line":67,"column":12},"end":{"line":67,"column":12}},{"start":{"line":67,"column":12},"end":{"line":67,"column":12}}]},"7":{"line":100,"type":"cond-expr","locations":[{"start":{"line":100,"column":53},"end":{"line":100,"column":33}},{"start":{"line":100,"column":76},"end":{"line":100,"column":8}}]},"8":{"line":107,"type":"cond-expr","locations":[{"start":{"line":107,"column":24},"end":{"line":105,"column":17}},{"start":{"line":118,"column":24},"end":{"line":null,"column":null}}]},"9":{"line":138,"type":"if","locations":[{"start":{"line":138,"column":12},"end":{"line":138,"column":12}},{"start":{"line":138,"column":12},"end":{"line":138,"column":12}}]},"10":{"line":165,"type":"cond-expr","locations":[{"start":{"line":165,"column":74},"end":{"line":165,"column":53}},{"start":{"line":165,"column":122},"end":{"line":165,"column":36}}]},"11":{"line":179,"type":"cond-expr","locations":[{"start":{"line":179,"column":40},"end":{"line":177,"column":33}},{"start":{"line":191,"column":40},"end":{"line":null,"column":null}}]},"12":{"line":205,"type":"cond-expr","locations":[{"start":{"line":205,"column":164},"end":{"line":205,"column":125}},{"start":{"line":205,"column":175},"end":{"line":null,"column":null}}]},"13":{"line":205,"type":"binary-expr","locations":[{"start":{"line":205,"column":145},"end":{"line":205,"column":145}},{"start":{"line":205,"column":145},"end":{"line":205,"column":125}}]}}},"D:\\Aaru\\Projects\\Overstock_B2B\\Sprint-2\\os_sprint_1-2_sass_eslint_testcase_2018_09_05\\app\\history.jsx":{"path":"D:\\Aaru\\Projects\\Overstock_B2B\\Sprint-2\\os_sprint_1-2_sass_eslint_testcase_2018_09_05\\app\\history.jsx","s":{"1":1,"2":1,"3":1,"4":1},"b":{},"f":{},"fnMap":{},"statementMap":{"1":{"start":{"line":0,"column":0},"end":{"line":0,"column":0},"skip":true},"2":{"start":{"line":1,"column":0},"end":{"line":null,"column":null}},"3":{"start":{"line":3,"column":15},"end":{"line":null,"column":null}},"4":{"start":{"line":0,"column":0},"end":{"line":0,"column":0},"skip":true}},"branchMap":{}},"D:\\Aaru\\Projects\\Overstock_B2B\\Sprint-2\\os_sprint_1-2_sass_eslint_testcase_2018_09_05\\app\\Components\\CreateAccount\\CreateAccount.jsx":{"path":"D:\\Aaru\\Projects\\Overstock_B2B\\Sprint-2\\os_sprint_1-2_sass_eslint_testcase_2018_09_05\\app\\Components\\CreateAccount\\CreateAccount.jsx","s":{"1":1,"2":1,"3":1,"4":1,"5":1,"6":1,"7":1,"8":1,"9":1,"10":1,"11":1,"12":1,"13":1,"14":1,"15":1,"16":1,"17":1,"18":1,"19":7,"20":1,"21":37,"22":37,"23":37,"24":37,"25":37,"26":37,"27":35,"28":2,"29":1,"30":37,"31":34,"32":3,"33":1,"34":2,"35":1,"36":37,"37":1,"38":31,"39":31,"40":1,"41":1,"42":1,"43":15,"44":15,"45":1,"46":15,"47":15,"48":15,"49":1,"50":1,"51":1,"52":0,"53":0,"54":0,"55":0,"56":15,"57":1,"58":1,"59":1,"60":1},"b":{"1":[5,2],"2":[7,7],"3":[35,2],"4":[1,1],"5":[34,3],"6":[1,2],"7":[1,1],"8":[31,1,1],"9":[15,0],"10":[0,0]},"f":{"1":7,"2":37,"3":31,"4":1,"5":15,"6":15,"7":15,"8":1,"9":1},"fnMap":{"1":{"name":"_interopRequireDefault","line":0,"loc":{"start":{"line":0,"column":0},"end":{"line":0,"column":0}},"skip":true},"2":{"name":"validate","line":5,"loc":{"start":{"line":5,"column":24},"end":{"line":5,"column":36}}},"3":{"name":"renderField","line":31,"loc":{"start":{"line":31,"column":27},"end":{"line":null,"column":null}}},"4":{"name":"(anonymous_4)","line":0,"loc":{"start":{"line":0,"column":0},"end":{"line":0,"column":0}},"skip":true},"5":{"name":"CreateAccount","line":0,"loc":{"start":{"line":0,"column":0},"end":{"line":0,"column":0}},"skip":true},"6":{"name":"componentDidMount","line":54,"loc":{"start":{"line":54,"column":24},"end":{"line":54,"column":24}}},"7":{"name":"render","line":64,"loc":{"start":{"line":64,"column":13},"end":{"line":64,"column":13}}},"8":{"name":"handleSubmitForm","line":66,"loc":{"start":{"line":66,"column":33},"end":{"line":66,"column":45}}},"9":{"name":"onClick","line":109,"loc":{"start":{"line":109,"column":49},"end":{"line":null,"column":null}}}},"statementMap":{"1":{"start":{"line":0,"column":0},"end":{"line":0,"column":0},"skip":true},"2":{"start":{"line":0,"column":0},"end":{"line":0,"column":0},"skip":true},"3":{"start":{"line":0,"column":0},"end":{"line":0,"column":0},"skip":true},"4":{"start":{"line":0,"column":0},"end":{"line":0,"column":0},"skip":true},"5":{"start":{"line":0,"column":0},"end":{"line":0,"column":0},"skip":true},"6":{"start":{"line":0,"column":0},"end":{"line":0,"column":0},"skip":true},"7":{"start":{"line":0,"column":0},"end":{"line":0,"column":0},"skip":true},"8":{"start":{"line":0,"column":0},"end":{"line":0,"column":0},"skip":true},"9":{"start":{"line":0,"column":0},"end":{"line":0,"column":0},"skip":true},"10":{"start":{"line":0,"column":0},"end":{"line":0,"column":0},"skip":true},"11":{"start":{"line":0,"column":0},"end":{"line":0,"column":0},"skip":true},"12":{"start":{"line":0,"column":0},"end":{"line":0,"column":0},"skip":true},"13":{"start":{"line":1,"column":0},"end":{"line":null,"column":null}},"14":{"start":{"line":0,"column":0},"end":{"line":0,"column":0},"skip":true},"15":{"start":{"line":2,"column":0},"end":{"line":null,"column":null}},"16":{"start":{"line":3,"column":0},"end":{"line":null,"column":null}},"17":{"start":{"line":0,"column":0},"end":{"line":0,"column":0},"skip":true},"18":{"start":{"line":0,"column":0},"end":{"line":0,"column":0},"skip":true},"19":{"start":{"line":0,"column":0},"end":{"line":0,"column":0},"skip":true},"20":{"start":{"line":5,"column":7},"end":{"line":null,"column":null}},"21":{"start":{"line":6,"column":10},"end":{"line":null,"column":null}},"22":{"start":{"line":8,"column":10},"end":{"line":null,"column":null}},"23":{"start":{"line":9,"column":10},"end":{"line":null,"column":null}},"24":{"start":{"line":10,"column":10},"end":{"line":null,"column":null}},"25":{"start":{"line":12,"column":10},"end":{"line":null,"column":null}},"26":{"start":{"line":14,"column":8},"end":{"line":null,"column":null}},"27":{"start":{"line":15,"column":14},"end":{"line":null,"column":null}},"28":{"start":{"line":16,"column":11},"end":{"line":null,"column":null}},"29":{"start":{"line":17,"column":14},"end":{"line":null,"column":null}},"30":{"start":{"line":20,"column":8},"end":{"line":null,"column":null}},"31":{"start":{"line":21,"column":14},"end":{"line":null,"column":null}},"32":{"start":{"line":22,"column":11},"end":{"line":null,"column":null}},"33":{"start":{"line":23,"column":14},"end":{"line":null,"column":null}},"34":{"start":{"line":24,"column":11},"end":{"line":null,"column":null}},"35":{"start":{"line":25,"column":14},"end":{"line":null,"column":null}},"36":{"start":{"line":27,"column":11},"end":{"line":null,"column":null}},"37":{"start":{"line":31,"column":7},"end":{"line":null,"column":null}},"38":{"start":{"line":32,"column":4},"end":{"line":null,"column":null}},"39":{"start":{"line":35,"column":4},"end":{"line":null,"column":null}},"40":{"start":{"line":53,"column":6},"end":{"line":null,"column":null}},"41":{"start":{"line":0,"column":0},"end":{"line":0,"column":0},"skip":true},"42":{"start":{"line":0,"column":0},"end":{"line":0,"column":0},"skip":true},"43":{"start":{"line":0,"column":0},"end":{"line":0,"column":0},"skip":true},"44":{"start":{"line":0,"column":0},"end":{"line":0,"column":0},"skip":true},"45":{"start":{"line":0,"column":0},"end":{"line":0,"column":0},"skip":true},"46":{"start":{"line":55,"column":17},"end":{"line":null,"column":null}},"47":{"start":{"line":65,"column":16},"end":{"line":null,"column":null}},"48":{"start":{"line":66,"column":14},"end":{"line":null,"column":null}},"49":{"start":{"line":68,"column":20},"end":{"line":null,"column":null}},"50":{"start":{"line":69,"column":18},"end":{"line":null,"column":null}},"51":{"start":{"line":70,"column":16},"end":{"line":null,"column":null}},"52":{"start":{"line":71,"column":24},"end":{"line":null,"column":null}},"53":{"start":{"line":72,"column":16},"end":{"line":null,"column":null}},"54":{"start":{"line":73,"column":24},"end":{"line":null,"column":null}},"55":{"start":{"line":75,"column":24},"end":{"line":null,"column":null}},"56":{"start":{"line":79,"column":12},"end":{"line":null,"column":null}},"57":{"start":{"line":109,"column":55},"end":{"line":null,"column":null}},"58":{"start":{"line":0,"column":0},"end":{"line":0,"column":0},"skip":true},"59":{"start":{"line":121,"column":0},"end":{"line":null,"column":null}},"60":{"start":{"line":126,"column":15},"end":{"line":null,"column":null}}},"branchMap":{"1":{"line":0,"type":"cond-expr","locations":[{"start":{"line":0,"column":0},"end":{"line":0,"column":0},"skip":true},{"start":{"line":0,"column":0},"end":{"line":0,"column":0},"skip":true}]},"2":{"line":0,"type":"binary-expr","locations":[{"start":{"line":0,"column":0},"end":{"line":0,"column":0},"skip":true},{"start":{"line":0,"column":0},"end":{"line":0,"column":0},"skip":true}]},"3":{"line":14,"type":"if","locations":[{"start":{"line":14,"column":8},"end":{"line":14,"column":8}},{"start":{"line":14,"column":8},"end":{"line":14,"column":8}}]},"4":{"line":16,"type":"if","locations":[{"start":{"line":16,"column":11},"end":{"line":16,"column":11}},{"start":{"line":16,"column":11},"end":{"line":16,"column":11}}]},"5":{"line":20,"type":"if","locations":[{"start":{"line":20,"column":8},"end":{"line":20,"column":8}},{"start":{"line":20,"column":8},"end":{"line":20,"column":8}}]},"6":{"line":22,"type":"if","locations":[{"start":{"line":22,"column":11},"end":{"line":22,"column":11}},{"start":{"line":22,"column":11},"end":{"line":22,"column":11}}]},"7":{"line":24,"type":"if","locations":[{"start":{"line":24,"column":11},"end":{"line":24,"column":11}},{"start":{"line":24,"column":11},"end":{"line":24,"column":11}}]},"8":{"line":46,"type":"binary-expr","locations":[{"start":{"line":46,"column":21},"end":{"line":46,"column":21}},{"start":{"line":46,"column":21},"end":{"line":47,"column":12}},{"start":{"line":47,"column":12},"end":{"line":null,"column":null}}]},"9":{"line":0,"type":"binary-expr","locations":[{"start":{"line":0,"column":0},"end":{"line":0,"column":0},"skip":true},{"start":{"line":0,"column":0},"end":{"line":0,"column":0},"skip":true}]},"10":{"line":72,"type":"if","locations":[{"start":{"line":72,"column":16},"end":{"line":72,"column":16}},{"start":{"line":72,"column":16},"end":{"line":72,"column":16}}]}}},"D:\\Aaru\\Projects\\Overstock_B2B\\Sprint-2\\os_sprint_1-2_sass_eslint_testcase_2018_09_05\\app\\Components\\Model\\Model.jsx":{"path":"D:\\Aaru\\Projects\\Overstock_B2B\\Sprint-2\\os_sprint_1-2_sass_eslint_testcase_2018_09_05\\app\\Components\\Model\\Model.jsx","s":{"1":1,"2":1,"3":1,"4":1,"5":1,"6":1,"7":1,"8":1,"9":1,"10":1,"11":1,"12":3,"13":1,"14":19,"15":19,"16":1,"17":1,"18":1},"b":{"1":[1,2],"2":[3,3]},"f":{"1":3,"2":19,"3":1},"fnMap":{"1":{"name":"_interopRequireDefault","line":0,"loc":{"start":{"line":0,"column":0},"end":{"line":0,"column":0}},"skip":true},"2":{"name":"ModalPopup","line":7,"loc":{"start":{"line":7,"column":19},"end":{"line":7,"column":30}}},"3":{"name":"onClick","line":28,"loc":{"start":{"line":28,"column":65},"end":{"line":null,"column":null}}}},"statementMap":{"1":{"start":{"line":0,"column":0},"end":{"line":0,"column":0},"skip":true},"2":{"start":{"line":0,"column":0},"end":{"line":0,"column":0},"skip":true},"3":{"start":{"line":0,"column":0},"end":{"line":0,"column":0},"skip":true},"4":{"start":{"line":1,"column":0},"end":{"line":null,"column":null}},"5":{"start":{"line":0,"column":0},"end":{"line":0,"column":0},"skip":true},"6":{"start":{"line":2,"column":0},"end":{"line":null,"column":null}},"7":{"start":{"line":3,"column":0},"end":{"line":null,"column":null}},"8":{"start":{"line":4,"column":0},"end":{"line":null,"column":null}},"9":{"start":{"line":0,"column":0},"end":{"line":0,"column":0},"skip":true},"10":{"start":{"line":5,"column":0},"end":{"line":null,"column":null}},"11":{"start":{"line":0,"column":0},"end":{"line":0,"column":0},"skip":true},"12":{"start":{"line":0,"column":0},"end":{"line":0,"column":0},"skip":true},"13":{"start":{"line":7,"column":0},"end":{"line":null,"column":null}},"14":{"start":{"line":8,"column":12},"end":{"line":null,"column":null}},"15":{"start":{"line":10,"column":8},"end":{"line":null,"column":null}},"16":{"start":{"line":28,"column":71},"end":{"line":null,"column":null}},"17":{"start":{"line":34,"column":15},"end":{"line":null,"column":null}},"18":{"start":{"line":0,"column":0},"end":{"line":0,"column":0},"skip":true}},"branchMap":{"1":{"line":0,"type":"cond-expr","locations":[{"start":{"line":0,"column":0},"end":{"line":0,"column":0},"skip":true},{"start":{"line":0,"column":0},"end":{"line":0,"column":0},"skip":true}]},"2":{"line":0,"type":"binary-expr","locations":[{"start":{"line":0,"column":0},"end":{"line":0,"column":0},"skip":true},{"start":{"line":0,"column":0},"end":{"line":0,"column":0},"skip":true}]}}},"D:\\Aaru\\Projects\\Overstock_B2B\\Sprint-2\\os_sprint_1-2_sass_eslint_testcase_2018_09_05\\app\\Components\\Exitaccount\\Exitaccount.jsx":{"path":"D:\\Aaru\\Projects\\Overstock_B2B\\Sprint-2\\os_sprint_1-2_sass_eslint_testcase_2018_09_05\\app\\Components\\Exitaccount\\Exitaccount.jsx","s":{"1":1,"2":1,"3":1,"4":1,"5":1,"6":1,"7":1,"8":1,"9":1,"10":1,"11":1,"12":1,"13":1,"14":1,"15":1,"16":1,"17":1,"18":1,"19":1,"20":1,"21":1,"22":1,"23":8,"24":1,"25":29,"26":29,"27":29,"28":29,"29":27,"30":2,"31":1,"32":29,"33":28,"34":29,"35":1,"36":25,"37":25,"38":1,"39":1,"40":1,"41":12,"42":12,"43":12,"44":1,"45":12,"46":12,"47":12,"48":1,"49":2,"50":2,"51":16,"52":16,"53":16,"54":16,"55":1,"56":1,"57":16,"58":16,"59":1,"60":16,"61":1,"62":1,"63":1,"64":1},"b":{"1":[5,3],"2":[8,8],"3":[27,2],"4":[1,1],"5":[28,1],"6":[25,1,1],"7":[12,0],"8":[2,14],"9":[2,14]},"f":{"1":8,"2":29,"3":25,"4":1,"5":12,"6":1,"7":2,"8":16,"9":1,"10":1,"11":1},"fnMap":{"1":{"name":"_interopRequireDefault","line":0,"loc":{"start":{"line":0,"column":0},"end":{"line":0,"column":0}},"skip":true},"2":{"name":"validate","line":11,"loc":{"start":{"line":11,"column":24},"end":{"line":11,"column":36}}},"3":{"name":"renderField","line":30,"loc":{"start":{"line":30,"column":27},"end":{"line":null,"column":null}}},"4":{"name":"(anonymous_4)","line":0,"loc":{"start":{"line":0,"column":0},"end":{"line":0,"column":0}},"skip":true},"5":{"name":"Exitaccount","line":53,"loc":{"start":{"line":53,"column":18},"end":{"line":53,"column":18}}},"6":{"name":"(anonymous_6)","line":59,"loc":{"start":{"line":59,"column":15},"end":{"line":59,"column":21}}},"7":{"name":"handleChange","line":65,"loc":{"start":{"line":65,"column":17},"end":{"line":65,"column":17}}},"8":{"name":"render","line":73,"loc":{"start":{"line":73,"column":11},"end":{"line":73,"column":11}}},"9":{"name":"handleSubmitForm","line":76,"loc":{"start":{"line":76,"column":31},"end":{"line":76,"column":43}}},"10":{"name":"onClick","line":103,"loc":{"start":{"line":103,"column":27},"end":{"line":null,"column":null}}},"11":{"name":"onClick","line":191,"loc":{"start":{"line":191,"column":46},"end":{"line":null,"column":null}}}},"statementMap":{"1":{"start":{"line":0,"column":0},"end":{"line":0,"column":0},"skip":true},"2":{"start":{"line":0,"column":0},"end":{"line":0,"column":0},"skip":true},"3":{"start":{"line":0,"column":0},"end":{"line":0,"column":0},"skip":true},"4":{"start":{"line":0,"column":0},"end":{"line":0,"column":0},"skip":true},"5":{"start":{"line":0,"column":0},"end":{"line":0,"column":0},"skip":true},"6":{"start":{"line":0,"column":0},"end":{"line":0,"column":0},"skip":true},"7":{"start":{"line":0,"column":0},"end":{"line":0,"column":0},"skip":true},"8":{"start":{"line":0,"column":0},"end":{"line":0,"column":0},"skip":true},"9":{"start":{"line":0,"column":0},"end":{"line":0,"column":0},"skip":true},"10":{"start":{"line":0,"column":0},"end":{"line":0,"column":0},"skip":true},"11":{"start":{"line":0,"column":0},"end":{"line":0,"column":0},"skip":true},"12":{"start":{"line":0,"column":0},"end":{"line":0,"column":0},"skip":true},"13":{"start":{"line":1,"column":0},"end":{"line":null,"column":null}},"14":{"start":{"line":0,"column":0},"end":{"line":0,"column":0},"skip":true},"15":{"start":{"line":2,"column":0},"end":{"line":null,"column":null}},"16":{"start":{"line":3,"column":0},"end":{"line":null,"column":null}},"17":{"start":{"line":0,"column":0},"end":{"line":0,"column":0},"skip":true},"18":{"start":{"line":4,"column":0},"end":{"line":null,"column":null}},"19":{"start":{"line":0,"column":0},"end":{"line":0,"column":0},"skip":true},"20":{"start":{"line":5,"column":0},"end":{"line":null,"column":null}},"21":{"start":{"line":9,"column":0},"end":{"line":null,"column":null}},"22":{"start":{"line":0,"column":0},"end":{"line":0,"column":0},"skip":true},"23":{"start":{"line":0,"column":0},"end":{"line":0,"column":0},"skip":true},"24":{"start":{"line":11,"column":7},"end":{"line":null,"column":null}},"25":{"start":{"line":12,"column":10},"end":{"line":null,"column":null}},"26":{"start":{"line":14,"column":10},"end":{"line":null,"column":null}},"27":{"start":{"line":15,"column":10},"end":{"line":null,"column":null}},"28":{"start":{"line":17,"column":8},"end":{"line":null,"column":null}},"29":{"start":{"line":18,"column":14},"end":{"line":null,"column":null}},"30":{"start":{"line":19,"column":11},"end":{"line":null,"column":null}},"31":{"start":{"line":20,"column":14},"end":{"line":null,"column":null}},"32":{"start":{"line":23,"column":8},"end":{"line":null,"column":null}},"33":{"start":{"line":24,"column":14},"end":{"line":null,"column":null}},"34":{"start":{"line":26,"column":11},"end":{"line":null,"column":null}},"35":{"start":{"line":30,"column":7},"end":{"line":null,"column":null}},"36":{"start":{"line":31,"column":4},"end":{"line":null,"column":null}},"37":{"start":{"line":34,"column":4},"end":{"line":null,"column":null}},"38":{"start":{"line":52,"column":13},"end":{"line":null,"column":null}},"39":{"start":{"line":0,"column":0},"end":{"line":0,"column":0},"skip":true},"40":{"start":{"line":53,"column":18},"end":{"line":null,"column":null}},"41":{"start":{"line":0,"column":0},"end":{"line":0,"column":0},"skip":true},"42":{"start":{"line":0,"column":0},"end":{"line":0,"column":0},"skip":true},"43":{"start":{"line":59,"column":2},"end":{"line":null,"column":null}},"44":{"start":{"line":60,"column":11},"end":{"line":null,"column":null}},"45":{"start":{"line":55,"column":13},"end":{"line":null,"column":null}},"46":{"start":{"line":56,"column":13},"end":{"line":null,"column":null}},"47":{"start":{"line":0,"column":0},"end":{"line":0,"column":0},"skip":true},"48":{"start":{"line":0,"column":0},"end":{"line":0,"column":0},"skip":true},"49":{"start":{"line":66,"column":14},"end":{"line":null,"column":null}},"50":{"start":{"line":67,"column":11},"end":{"line":null,"column":null}},"51":{"start":{"line":0,"column":0},"end":{"line":0,"column":0},"skip":true},"52":{"start":{"line":74,"column":14},"end":{"line":null,"column":null}},"53":{"start":{"line":75,"column":32},"end":{"line":null,"column":null}},"54":{"start":{"line":76,"column":12},"end":{"line":null,"column":null}},"55":{"start":{"line":77,"column":18},"end":{"line":null,"column":null}},"56":{"start":{"line":78,"column":15},"end":{"line":null,"column":null}},"57":{"start":{"line":81,"column":12},"end":{"line":null,"column":null}},"58":{"start":{"line":99,"column":12},"end":{"line":null,"column":null}},"59":{"start":{"line":103,"column":33},"end":{"line":null,"column":null}},"60":{"start":{"line":116,"column":10},"end":{"line":null,"column":null}},"61":{"start":{"line":191,"column":52},"end":{"line":null,"column":null}},"62":{"start":{"line":0,"column":0},"end":{"line":0,"column":0},"skip":true},"63":{"start":{"line":203,"column":0},"end":{"line":null,"column":null}},"64":{"start":{"line":208,"column":15},"end":{"line":null,"column":null}}},"branchMap":{"1":{"line":0,"type":"cond-expr","locations":[{"start":{"line":0,"column":0},"end":{"line":0,"column":0},"skip":true},{"start":{"line":0,"column":0},"end":{"line":0,"column":0},"skip":true}]},"2":{"line":0,"type":"binary-expr","locations":[{"start":{"line":0,"column":0},"end":{"line":0,"column":0},"skip":true},{"start":{"line":0,"column":0},"end":{"line":0,"column":0},"skip":true}]},"3":{"line":17,"type":"if","locations":[{"start":{"line":17,"column":8},"end":{"line":17,"column":8}},{"start":{"line":17,"column":8},"end":{"line":17,"column":8}}]},"4":{"line":19,"type":"if","locations":[{"start":{"line":19,"column":11},"end":{"line":19,"column":11}},{"start":{"line":19,"column":11},"end":{"line":19,"column":11}}]},"5":{"line":23,"type":"if","locations":[{"start":{"line":23,"column":8},"end":{"line":23,"column":8}},{"start":{"line":23,"column":8},"end":{"line":23,"column":8}}]},"6":{"line":45,"type":"binary-expr","locations":[{"start":{"line":45,"column":21},"end":{"line":45,"column":21}},{"start":{"line":45,"column":21},"end":{"line":46,"column":12}},{"start":{"line":46,"column":12},"end":{"line":null,"column":null}}]},"7":{"line":0,"type":"binary-expr","locations":[{"start":{"line":0,"column":0},"end":{"line":0,"column":0},"skip":true},{"start":{"line":0,"column":0},"end":{"line":0,"column":0},"skip":true}]},"8":{"line":83,"type":"cond-expr","locations":[{"start":{"line":83,"column":14},"end":{"line":81,"column":26}},{"start":{"line":91,"column":14},"end":{"line":81,"column":6}}]},"9":{"line":101,"type":"cond-expr","locations":[{"start":{"line":101,"column":14},"end":{"line":99,"column":27}},{"start":{"line":109,"column":14},"end":{"line":99,"column":6}}]}}},"D:\\Aaru\\Projects\\Overstock_B2B\\Sprint-2\\os_sprint_1-2_sass_eslint_testcase_2018_09_05\\app\\Components\\Footer\\FooterComponent.jsx":{"path":"D:\\Aaru\\Projects\\Overstock_B2B\\Sprint-2\\os_sprint_1-2_sass_eslint_testcase_2018_09_05\\app\\Components\\Footer\\FooterComponent.jsx","s":{"1":1,"2":1,"3":1,"4":1,"5":1,"6":1,"7":1,"8":1,"9":3,"10":1,"11":1},"b":{"1":[0,1],"2":[1,1]},"f":{"1":1,"2":3},"fnMap":{"1":{"name":"_interopRequireDefault","line":0,"loc":{"start":{"line":0,"column":0},"end":{"line":0,"column":0}},"skip":true},"2":{"name":"FooterComponent","line":6,"loc":{"start":{"line":6,"column":24},"end":{"line":null,"column":null}}}},"statementMap":{"1":{"start":{"line":0,"column":0},"end":{"line":0,"column":0},"skip":true},"2":{"start":{"line":1,"column":0},"end":{"line":null,"column":null}},"3":{"start":{"line":0,"column":0},"end":{"line":0,"column":0},"skip":true},"4":{"start":{"line":2,"column":0},"end":{"line":null,"column":null}},"5":{"start":{"line":3,"column":0},"end":{"line":null,"column":null}},"6":{"start":{"line":0,"column":0},"end":{"line":0,"column":0},"skip":true},"7":{"start":{"line":0,"column":0},"end":{"line":0,"column":0},"skip":true},"8":{"start":{"line":6,"column":0},"end":{"line":null,"column":null}},"9":{"start":{"line":7,"column":4},"end":{"line":null,"column":null}},"10":{"start":{"line":41,"column":15},"end":{"line":null,"column":null}},"11":{"start":{"line":0,"column":0},"end":{"line":0,"column":0},"skip":true}},"branchMap":{"1":{"line":0,"type":"cond-expr","locations":[{"start":{"line":0,"column":0},"end":{"line":0,"column":0},"skip":true},{"start":{"line":0,"column":0},"end":{"line":0,"column":0},"skip":true}]},"2":{"line":0,"type":"binary-expr","locations":[{"start":{"line":0,"column":0},"end":{"line":0,"column":0},"skip":true},{"start":{"line":0,"column":0},"end":{"line":0,"column":0},"skip":true}]}}},"D:\\Aaru\\Projects\\Overstock_B2B\\Sprint-2\\os_sprint_1-2_sass_eslint_testcase_2018_09_05\\app\\Components\\FooterDetail\\FooterDetail.jsx":{"path":"D:\\Aaru\\Projects\\Overstock_B2B\\Sprint-2\\os_sprint_1-2_sass_eslint_testcase_2018_09_05\\app\\Components\\FooterDetail\\FooterDetail.jsx","s":{"1":1,"2":1,"3":1,"4":1,"5":1,"6":1,"7":1,"8":1,"9":1,"10":1,"11":1,"12":1,"13":1,"14":1,"15":1,"16":1,"17":1,"18":1,"19":6,"20":1,"21":1,"22":1,"23":1,"24":1,"25":1,"26":1,"27":1,"28":1,"29":1,"30":1,"31":1,"32":1,"33":1,"34":1,"35":1,"36":1,"37":1,"38":1,"39":1},"b":{"1":[4,2],"2":[6,6],"3":[1,0]},"f":{"1":6,"2":1,"3":1,"4":1,"5":1,"6":1,"7":1,"8":1,"9":1,"10":1,"11":1},"fnMap":{"1":{"name":"_interopRequireDefault","line":0,"loc":{"start":{"line":0,"column":0},"end":{"line":0,"column":0}},"skip":true},"2":{"name":"(anonymous_2)","line":0,"loc":{"start":{"line":0,"column":0},"end":{"line":0,"column":0}},"skip":true},"3":{"name":"FooterDetail","line":0,"loc":{"start":{"line":0,"column":0},"end":{"line":0,"column":0}},"skip":true},"4":{"name":"componentDidMount","line":17,"loc":{"start":{"line":17,"column":25},"end":{"line":17,"column":25}}},"5":{"name":"componentWillUnmount","line":24,"loc":{"start":{"line":24,"column":27},"end":{"line":24,"column":27}}},"6":{"name":"scrollToTop","line":29,"loc":{"start":{"line":29,"column":18},"end":{"line":29,"column":18}}},"7":{"name":"designer","line":33,"loc":{"start":{"line":33,"column":15},"end":{"line":33,"column":15}}},"8":{"name":"government","line":37,"loc":{"start":{"line":37,"column":17},"end":{"line":37,"column":17}}},"9":{"name":"corporate","line":41,"loc":{"start":{"line":41,"column":16},"end":{"line":41,"column":16}}},"10":{"name":"business","line":45,"loc":{"start":{"line":45,"column":15},"end":{"line":45,"column":15}}},"11":{"name":"render","line":49,"loc":{"start":{"line":49,"column":13},"end":{"line":49,"column":13}}}},"statementMap":{"1":{"start":{"line":0,"column":0},"end":{"line":0,"column":0},"skip":true},"2":{"start":{"line":0,"column":0},"end":{"line":0,"column":0},"skip":true},"3":{"start":{"line":0,"column":0},"end":{"line":0,"column":0},"skip":true},"4":{"start":{"line":0,"column":0},"end":{"line":0,"column":0},"skip":true},"5":{"start":{"line":0,"column":0},"end":{"line":0,"column":0},"skip":true},"6":{"start":{"line":0,"column":0},"end":{"line":0,"column":0},"skip":true},"7":{"start":{"line":0,"column":0},"end":{"line":0,"column":0},"skip":true},"8":{"start":{"line":0,"column":0},"end":{"line":0,"column":0},"skip":true},"9":{"start":{"line":0,"column":0},"end":{"line":0,"column":0},"skip":true},"10":{"start":{"line":1,"column":0},"end":{"line":null,"column":null}},"11":{"start":{"line":0,"column":0},"end":{"line":0,"column":0},"skip":true},"12":{"start":{"line":2,"column":0},"end":{"line":null,"column":null}},"13":{"start":{"line":3,"column":0},"end":{"line":null,"column":null}},"14":{"start":{"line":6,"column":0},"end":{"line":null,"column":null}},"15":{"start":{"line":10,"column":0},"end":{"line":null,"column":null}},"16":{"start":{"line":0,"column":0},"end":{"line":0,"column":0},"skip":true},"17":{"start":{"line":11,"column":0},"end":{"line":null,"column":null}},"18":{"start":{"line":0,"column":0},"end":{"line":0,"column":0},"skip":true},"19":{"start":{"line":0,"column":0},"end":{"line":0,"column":0},"skip":true},"20":{"start":{"line":16,"column":6},"end":{"line":null,"column":null}},"21":{"start":{"line":0,"column":0},"end":{"line":0,"column":0},"skip":true},"22":{"start":{"line":0,"column":0},"end":{"line":0,"column":0},"skip":true},"23":{"start":{"line":0,"column":0},"end":{"line":0,"column":0},"skip":true},"24":{"start":{"line":0,"column":0},"end":{"line":0,"column":0},"skip":true},"25":{"start":{"line":0,"column":0},"end":{"line":0,"column":0},"skip":true},"26":{"start":{"line":18,"column":15},"end":{"line":null,"column":null}},"27":{"start":{"line":20,"column":15},"end":{"line":null,"column":null}},"28":{"start":{"line":21,"column":18},"end":{"line":null,"column":null}},"29":{"start":{"line":25,"column":15},"end":{"line":null,"column":null}},"30":{"start":{"line":26,"column":15},"end":{"line":null,"column":null}},"31":{"start":{"line":30,"column":15},"end
[...]
start":{"line":0,"column":0},"end":{"line":0,"column":0},"skip":true},"3":{"start":{"line":0,"column":0},"end":{"line":0,"column":0},"skip":true},"4":{"start":{"line":0,"column":0},"end":{"line":0,"column":0},"skip":true},"5":{"start":{"line":0,"column":0},"end":{"line":0,"column":0},"skip":true},"6":{"start":{"line":1,"column":0},"end":{"line":null,"column":null}},"7":{"start":{"line":0,"column":0},"end":{"line":0,"column":0},"skip":true},"8":{"start":{"line":2,"column":0},"end":{"line":null,"column":null}},"9":{"start":{"line":0,"column":0},"end":{"line":0,"column":0},"skip":true},"10":{"start":{"line":0,"column":0},"end":{"line":0,"column":0},"skip":true},"11":{"start":{"line":4,"column":0},"end":{"line":null,"column":null}},"12":{"start":{"line":4,"column":35},"end":{"line":null,"column":null}},"13":{"start":{"line":5,"column":4},"end":{"line":null,"column":null}},"14":{"start":{"line":8,"column":12},"end":{"line":null,"column":null}},"15":{"start":{"line":14,"column":15},"end":{"line":null,"column":null}},"16":{"start":{"line":0,"column":0},"end":{"line":0,"column":0},"skip":true}},"branchMap":{"1":{"line":0,"type":"cond-expr","locations":[{"start":{"line":0,"column":0},"end":{"line":0,"column":0},"skip":true},{"start":{"line":0,"column":0},"end":{"line":0,"column":0},"skip":true}]},"2":{"line":0,"type":"binary-expr","locations":[{"start":{"line":0,"column":0},"end":{"line":0,"column":0},"skip":true},{"start":{"line":0,"column":0},"end":{"line":0,"column":0},"skip":true}]},"3":{"line":9,"type":"cond-expr","locations":[{"start":{"line":9,"column":18},"end":{"line":8,"column":12}},{"start":{"line":10,"column":18},"end":{"line":7,"column":16}}]}}},"D:\\Aaru\\Projects\\Overstock_B2B\\Sprint-2\\os_sprint_1-2_sass_eslint_testcase_2018_09_05\\app\\Components\\ShopYesorNo\\ShopYesorNo.jsx":{"path":"D:\\Aaru\\Projects\\Overstock_B2B\\Sprint-2\\os_sprint_1-2_sass_eslint_testcase_2018_09_05\\app\\Components\\ShopYesorNo\\ShopYesorNo.jsx","s":{"1":1,"2":1,"3":1,"4":1,"5":1,"6":1,"7":1,"8":1,"9":2,"10":1,"11":6,"12":1,"13":1,"14":1,"15":1},"b":{"1":[0,2],"2":[2,2]},"f":{"1":2,"2":6,"3":1,"4":1},"fnMap":{"1":{"name":"_interopRequireDefault","line":0,"loc":{"start":{"line":0,"column":0},"end":{"line":0,"column":0}},"skip":true},"2":{"name":"ShopYesorNo","line":6,"loc":{"start":{"line":6,"column":20},"end":{"line":null,"column":null}}},"3":{"name":"onClick","line":9,"loc":{"start":{"line":9,"column":60},"end":{"line":null,"column":null}}},"4":{"name":"onClick","line":10,"loc":{"start":{"line":10,"column":61},"end":{"line":null,"column":null}}}},"statementMap":{"1":{"start":{"line":0,"column":0},"end":{"line":0,"column":0},"skip":true},"2":{"start":{"line":1,"column":0},"end":{"line":null,"column":null}},"3":{"start":{"line":0,"column":0},"end":{"line":0,"column":0},"skip":true},"4":{"start":{"line":2,"column":0},"end":{"line":null,"column":null}},"5":{"start":{"line":3,"column":0},"end":{"line":null,"column":null}},"6":{"start":{"line":4,"column":0},"end":{"line":null,"column":null}},"7":{"start":{"line":0,"column":0},"end":{"line":0,"column":0},"skip":true},"8":{"start":{"line":0,"column":0},"end":{"line":0,"column":0},"skip":true},"9":{"start":{"line":0,"column":0},"end":{"line":0,"column":0},"skip":true},"10":{"start":{"line":6,"column":0},"end":{"line":null,"column":null}},"11":{"start":{"line":7,"column":4},"end":{"line":null,"column":null}},"12":{"start":{"line":9,"column":66},"end":{"line":null,"column":null}},"13":{"start":{"line":10,"column":67},"end":{"line":null,"column":null}},"14":{"start":{"line":17,"column":15},"end":{"line":null,"column":null}},"15":{"start":{"line":0,"column":0},"end":{"line":0,"column":0},"skip":true}},"branchMap":{"1":{"line":0,"type":"cond-expr","locations":[{"start":{"line":0,"column":0},"end":{"line":0,"column":0},"skip":true},{"start":{"line":0,"column":0},"end":{"line":0,"column":0},"skip":true}]},"2":{"line":0,"type":"binary-expr","locations":[{"start":{"line":0,"column":0},"end":{"line":0,"column":0},"skip":true},{"start":{"line":0,"column":0},"end":{"line":0,"column":0},"skip":true}]}}},"D:\\Aaru\\Projects\\Overstock_B2B\\Sprint-2\\os_sprint_1-2_sass_eslint_testcase_2018_09_05\\app\\Components\\Signup\\SignupPage.jsx":{"path":"D:\\Aaru\\Projects\\Overstock_B2B\\Sprint-2\\os_sprint_1-2_sass_eslint_testcase_2018_09_05\\app\\Components\\Signup\\SignupPage.jsx","s":{"1":1,"2":1,"3":1,"4":1,"5":1,"6":1,"7":1,"8":1,"9":1,"10":1,"11":1,"12":1,"13":1,"14":1,"15":5,"16":1,"17":3,"18":3,"19":3,"20":1,"21":1},"b":{"1":[2,3],"2":[5,5],"3":[3,3,2],"4":[3,3,1]},"f":{"1":5,"2":3},"fnMap":{"1":{"name":"_interopRequireDefault","line":0,"loc":{"start":{"line":0,"column":0},"end":{"line":0,"column":0}},"skip":true},"2":{"name":"SignupPage","line":10,"loc":{"start":{"line":10,"column":19},"end":{"line":10,"column":37}}}},"statementMap":{"1":{"start":{"line":0,"column":0},"end":{"line":0,"column":0},"skip":true},"2":{"start":{"line":1,"column":0},"end":{"line":null,"column":null}},"3":{"start":{"line":0,"column":0},"end":{"line":0,"column":0},"skip":true},"4":{"start":{"line":2,"column":0},"end":{"line":null,"column":null}},"5":{"start":{"line":3,"column":0},"end":{"line":null,"column":null}},"6":{"start":{"line":0,"column":0},"end":{"line":0,"column":0},"skip":true},"7":{"start":{"line":4,"column":0},"end":{"line":null,"column":null}},"8":{"start":{"line":5,"column":0},"end":{"line":null,"column":null}},"9":{"start":{"line":0,"column":0},"end":{"line":0,"column":0},"skip":true},"10":{"start":{"line":6,"column":0},"end":{"line":null,"column":null}},"11":{"start":{"line":0,"column":0},"end":{"line":0,"column":0},"skip":true},"12":{"start":{"line":7,"column":0},"end":{"line":null,"column":null}},"13":{"start":{"line":0,"column":0},"end":{"line":0,"column":0},"skip":true},"14":{"start":{"line":0,"column":0},"end":{"line":0,"column":0},"skip":true},"15":{"start":{"line":0,"column":0},"end":{"line":0,"column":0},"skip":true},"16":{"start":{"line":10,"column":0},"end":{"line":null,"column":null}},"17":{"start":{"line":10,"column":22},"end":{"line":null,"column":null}},"18":{"start":{"line":11,"column":12},"end":{"line":null,"column":null}},"19":{"start":{"line":13,"column":8},"end":{"line":null,"column":null}},"20":{"start":{"line":39,"column":15},"end":{"line":null,"column":null}},"21":{"start":{"line":0,"column":0},"end":{"line":0,"column":0},"skip":true}},"branchMap":{"1":{"line":0,"type":"cond-expr","locations":[{"start":{"line":0,"column":0},"end":{"line":0,"column":0},"skip":true},{"start":{"line":0,"column":0},"end":{"line":0,"column":0},"skip":true}]},"2":{"line":0,"type":"binary-expr","locations":[{"start":{"line":0,"column":0},"end":{"line":0,"column":0},"skip":true},{"start":{"line":0,"column":0},"end":{"line":0,"column":0},"skip":true}]},"3":{"line":20,"type":"binary-expr","locations":[{"start":{"line":20,"column":42},"end":{"line":20,"column":42}},{"start":{"line":20,"column":42},"end":{"line":20,"column":30}},{"start":{"line":20,"column":68},"end":{"line":19,"column":24}}]},"4":{"line":21,"type":"binary-expr","locations":[{"start":{"line":21,"column":42},"end":{"line":21,"column":42}},{"start":{"line":21,"column":42},"end":{"line":21,"column":30}},{"start":{"line":21,"column":72},"end":{"line":null,"column":null}}]}}},"D:\\Aaru\\Projects\\Overstock_B2B\\Sprint-2\\os_sprint_1-2_sass_eslint_testcase_2018_09_05\\app\\Components\\Signup\\SignupForm.jsx":{"path":"D:\\Aaru\\Projects\\Overstock_B2B\\Sprint-2\\os_sprint_1-2_sass_eslint_testcase_2018_09_05\\app\\Components\\Signup\\SignupForm.jsx","s":{"1":1,"2":1,"3":1,"4":1,"5":1,"6":1,"7":1,"8":1,"9":1,"10":1,"11":1,"12":1,"13":1,"14":1,"15":1,"16":1,"17":1,"18":1,"19":1,"20":1,"21":1,"22":1,"23":8,"24":1,"25":29,"26":29,"27":29,"28":29,"29":29,"30":29,"31":27,"32":2,"33":1,"34":29,"35":26,"36":3,"37":1,"38":2,"39":1,"40":29,"41":1,"42":23,"43":23,"44":1,"45":1,"46":1,"47":11,"48":11,"49":1,"50":11,"51":11,"52":1,"53":1,"54":1,"55":0,"56":0,"57":0,"58":0,"59":11,"60":1,"61":1,"62":1},"b":{"1":[5,3],"2":[8,8],"3":[27,2],"4":[1,1],"5":[26,3],"6":[1,2],"7":[1,1],"8":[23,1,1],"9":[11,0],"10":[0,0]},"f":{"1":8,"2":29,"3":23,"4":1,"5":11,"6":11,"7":11,"8":1,"9":1},"fnMap":{"1":{"name":"_interopRequireDefault","line":0,"loc":{"start":{"line":0,"column":0},"end":{"line":0,"column":0}},"skip":true},"2":{"name":"validate","line":10,"loc":{"start":{"line":10,"column":24},"end":{"line":10,"column":36}}},"3":{"name":"renderField","line":36,"loc":{"start":{"line":36,"column":27},"end":{"line":null,"column":null}}},"4":{"name":"(anonymous_4)","line":0,"loc":{"start":{"line":0,"column":0},"end":{"line":0,"column":0}},"skip":true},"5":{"name":"SignupForm","line":0,"loc":{"start":{"line":0,"column":0},"end":{"line":0,"column":0}},"skip":true},"6":{"name":"componentDidMount","line":59,"loc":{"start":{"line":59,"column":24},"end":{"line":59,"column":24}}},"7":{"name":"render","line":81,"loc":{"start":{"line":81,"column":13},"end":{"line":81,"column":13}}},"8":{"name":"handlePagesOnSubmit","line":84,"loc":{"start":{"line":84,"column":36},"end":{"line":84,"column":48}}},"9":{"name":"onClick","line":125,"loc":{"start":{"line":125,"column":32},"end":{"line":null,"column":null}}}},"statementMap":{"1":{"start":{"line":0,"column":0},"end":{"line":0,"column":0},"skip":true},"2":{"start":{"line":0,"column":0},"end":{"line":0,"column":0},"skip":true},"3":{"start":{"line":0,"column":0},"end":{"line":0,"column":0},"skip":true},"4":{"start":{"line":0,"column":0},"end":{"line":0,"column":0},"skip":true},"5":{"start":{"line":0,"column":0},"end":{"line":0,"column":0},"skip":true},"6":{"start":{"line":0,"column":0},"end":{"line":0,"column":0},"skip":true},"7":{"start":{"line":0,"column":0},"end":{"line":0,"column":0},"skip":true},"8":{"start":{"line":0,"column":0},"end":{"line":0,"column":0},"skip":true},"9":{"start":{"line":0,"column":0},"end":{"line":0,"column":0},"skip":true},"10":{"start":{"line":0,"column":0},"end":{"line":0,"column":0},"skip":true},"11":{"start":{"line":0,"column":0},"end":{"line":0,"column":0},"skip":true},"12":{"start":{"line":0,"column":0},"end":{"line":0,"column":0},"skip":true},"13":{"start":{"line":1,"column":0},"end":{"line":null,"column":null}},"14":{"start":{"line":0,"column":0},"end":{"line":0,"column":0},"skip":true},"15":{"start":{"line":2,"column":0},"end":{"line":null,"column":null}},"16":{"start":{"line":5,"column":0},"end":{"line":null,"column":null}},"17":{"start":{"line":6,"column":0},"end":{"line":null,"column":null}},"18":{"start":{"line":7,"column":0},"end":{"line":null,"column":null}},"19":{"start":{"line":0,"column":0},"end":{"line":0,"column":0},"skip":true},"20":{"start":{"line":8,"column":0},"end":{"line":null,"column":null}},"21":{"start":{"line":0,"column":0},"end":{"line":0,"column":0},"skip":true},"22":{"start":{"line":0,"column":0},"end":{"line":0,"column":0},"skip":true},"23":{"start":{"line":0,"column":0},"end":{"line":0,"column":0},"skip":true},"24":{"start":{"line":10,"column":7},"end":{"line":null,"column":null}},"25":{"start":{"line":11,"column":10},"end":{"line":null,"column":null}},"26":{"start":{"line":13,"column":10},"end":{"line":null,"column":null}},"27":{"start":{"line":14,"column":10},"end":{"line":null,"column":null}},"28":{"start":{"line":15,"column":10},"end":{"line":null,"column":null}},"29":{"start":{"line":17,"column":10},"end":{"line":null,"column":null}},"30":{"start":{"line":18,"column":8},"end":{"line":null,"column":null}},"31":{"start":{"line":19,"column":14},"end":{"line":null,"column":null}},"32":{"start":{"line":20,"column":11},"end":{"line":null,"column":null}},"33":{"start":{"line":21,"column":14},"end":{"line":null,"column":null}},"34":{"start":{"line":24,"column":8},"end":{"line":null,"column":null}},"35":{"start":{"line":25,"column":14},"end":{"line":null,"column":null}},"36":{"start":{"line":26,"column":11},"end":{"line":null,"column":null}},"37":{"start":{"line":27,"column":14},"end":{"line":null,"column":null}},"38":{"start":{"line":28,"column":11},"end":{"line":null,"column":null}},"39":{"start":{"line":29,"column":14},"end":{"line":null,"column":null}},"40":{"start":{"line":31,"column":11},"end":{"line":null,"column":null}},"41":{"start":{"line":36,"column":7},"end":{"line":null,"column":null}},"42":{"start":{"line":37,"column":4},"end":{"line":null,"column":null}},"43":{"start":{"line":40,"column":4},"end":{"line":null,"column":null}},"44":{"start":{"line":58,"column":6},"end":{"line":null,"column":null}},"45":{"start":{"line":0,"column":0},"end":{"line":0,"column":0},"skip":true},"46":{"start":{"line":0,"column":0},"end":{"line":0,"column":0},"skip":true},"47":{"start":{"line":0,"column":0},"end":{"line":0,"column":0},"skip":true},"48":{"start":{"line":0,"column":0},"end":{"line":0,"column":0},"skip":true},"49":{"start":{"line":0,"column":0},"end":{"line":0,"column":0},"skip":true},"50":{"start":{"line":82,"column":16},"end":{"line":null,"column":null}},"51":{"start":{"line":84,"column":14},"end":{"line":null,"column":null}},"52":{"start":{"line":85,"column":20},"end":{"line":null,"column":null}},"53":{"start":{"line":86,"column":18},"end":{"line":null,"column":null}},"54":{"start":{"line":87,"column":16},"end":{"line":null,"column":null}},"55":{"start":{"line":88,"column":24},"end":{"line":null,"column":null}},"56":{"start":{"line":89,"column":16},"end":{"line":null,"column":null}},"57":{"start":{"line":90,"column":24},"end":{"line":null,"column":null}},"58":{"start":{"line":92,"column":24},"end":{"line":null,"column":null}},"59":{"start":{"line":97,"column":12},"end":{"line":null,"column":null}},"60":{"start":{"line":125,"column":38},"end":{"line":null,"column":null}},"61":{"start":{"line":0,"column":0},"end":{"line":0,"column":0},"skip":true},"62":{"start":{"line":132,"column":15},"end":{"line":null,"column":null}}},"branchMap":{"1":{"line":0,"type":"cond-expr","locations":[{"start":{"line":0,"column":0},"end":{"line":0,"column":0},"skip":true},{"start":{"line":0,"column":0},"end":{"line":0,"column":0},"skip":true}]},"2":{"line":0,"type":"binary-expr","locations":[{"start":{"line":0,"column":0},"end":{"line":0,"column":0},"skip":true},{"start":{"line":0,"column":0},"end":{"line":0,"column":0},"skip":true}]},"3":{"line":18,"type":"if","locations":[{"start":{"line":18,"column":8},"end":{"line":18,"column":8}},{"start":{"line":18,"column":8},"end":{"line":18,"column":8}}]},"4":{"line":20,"type":"if","locations":[{"start":{"line":20,"column":11},"end":{"line":20,"column":11}},{"start":{"line":20,"column":11},"end":{"line":20,"column":11}}]},"5":{"line":24,"type":"if","locations":[{"start":{"line":24,"column":8},"end":{"line":24,"column":8}},{"start":{"line":24,"column":8},"end":{"line":24,"column":8}}]},"6":{"line":26,"type":"if","locations":[{"start":{"line":26,"column":11},"end":{"line":26,"column":11}},{"start":{"line":26,"column":11},"end":{"line":26,"column":11}}]},"7":{"line":28,"type":"if","locations":[{"start":{"line":28,"column":11},"end":{"line":28,"column":11}},{"start":{"line":28,"column":11},"end":{"line":28,"column":11}}]},"8":{"line":50,"type":"binary-expr","locations":[{"start":{"line":50,"column":25},"end":{"line":50,"column":25}},{"start":{"line":50,"column":25},"end":{"line":51,"column":16}},{"start":{"line":51,"column":16},"end":{"line":null,"column":null}}]},"9":{"line":0,"type":"binary-expr","locations":[{"start":{"line":0,"column":0},"end":{"line":0,"column":0},"skip":true},{"start":{"line":0,"column":0},"end":{"line":0,"column":0},"skip":true}]},"10":{"line":89,"type":"if","locations":[{"start":{"line":89,"column":16},"end":{"line":89,"column":16}},{"start":{"line":89,"column":16},"end":{"line":89,"column":16}}]}}},"D:\\Aaru\\Projects\\Overstock_B2B\\Sprint-2\\os_sprint_1-2_sass_eslint_testcase_2018_09_05\\app\\Components\\Signup\\table.jsx":{"path":"D:\\Aaru\\Projects\\Overstock_B2B\\Sprint-2\\os_sprint_1-2_sass_eslint_testcase_2018_09_05\\app\\Components\\Signup\\table.jsx","s":{"1":1,"2":1,"3":1,"4":1,"5":1,"6":1,"7":1,"8":1,"9":3,"10":1},"b":{"1":[0,1],"2":[1,1]},"f":{"1":1,"2":3},"fnMap":{"1":{"name":"_interopRequireDefault","line":0,"loc":{"start":{"line":0,"column":0},"end":{"line":0,"column":0}},"skip":true},"2":{"name":"TableInfo","line":4,"loc":{"start":{"line":4,"column":25},"end":{"line":null,"column":null}}}},"statementMap":{"1":{"start":{"line":0,"column":0},"end":{"line":0,"column":0},"skip":true},"2":{"start":{"line":0,"column":0},"end":{"line":0,"column":0},"skip":true},"3":{"start":{"line":1,"column":0},"end":{"line":null,"column":null}},"4":{"start":{"line":0,"column":0},"end":{"line":0,"column":0},"skip":true},"5":{"start":{"line":2,"column":0},"end":{"line":null,"column":null}},"6":{"start":{"line":0,"column":0},"end":{"line":0,"column":0},"skip":true},"7":{"start":{"line":0,"column":0},"end":{"line":0,"column":0},"skip":true},"8":{"start":{"line":4,"column":7},"end":{"line":null,"column":null}},"9":{"start":{"line":5,"column":4},"end":{"line":null,"column":null}},"10":{"start":{"line":57,"column":15},"end":{"line":null,"column":null}}},"branchMap":{"1":{"line":0,"type":"cond-expr","locations":[{"start":{"line":0,"column":0},"end":{"line":0,"column":0},"skip":true},{"start":{"line":0,"column":0},"end":{"line":0,"column":0},"skip":true}]},"2":{"line":0,"type":"binary-expr","locations":[{"start":{"line":0,"column":0},"end":{"line":0,"column":0},"skip":true},{"start":{"line":0,"column":0},"end":{"line":0,"column":0},"skip":true}]}}},"D:\\Aaru\\Projects\\Overstock_B2B\\Sprint-2\\os_sprint_1-2_sass_eslint_testcase_2018_09_05\\app\\reducers\\LoginReducer.js":{"path":"D:\\Aaru\\Projects\\Overstock_B2B\\Sprint-2\\os_sprint_1-2_sass_eslint_testcase_2018_09_05\\app\\reducers\\LoginReducer.js","s":{"1":1,"2":1,"3":4,"4":4,"5":4,"6":4,"7":2,"8":2,"9":2,"10":1,"11":1,"12":1,"13":1,"14":1},"b":{"1":[1,3],"2":[4,4],"3":[2,1,1]},"f":{"1":4},"fnMap":{"1":{"name":"(anonymous_1)","line":1,"loc":{"start":{"line":1,"column":15},"end":{"line":1,"column":44}}}},"statementMap":{"1":{"start":{"line":0,"column":0},"end":{"line":0,"column":0},"skip":true},"2":{"start":{"line":1,"column":15},"end":{"line":null,"column":null}},"3":{"start":{"line":1,"column":24},"end":{"line":null,"column":null}},"4":{"start":{"line":1,"column":36},"end":{"line":null,"column":null}},"5":{"start":{"line":2,"column":8},"end":{"line":null,"column":null}},"6":{"start":{"line":3,"column":12},"end":{"line":null,"column":null}},"7":{"start":{"line":5,"column":23},"end":{"line":null,"column":null}},"8":{"start":{"line":6,"column":21},"end":{"line":null,"column":null}},"9":{"start":{"line":7,"column":19},"end":{"line":null,"column":null}},"10":{"start":{"line":10,"column":23},"end":{"line":null,"column":null}},"11":{"start":{"line":11,"column":21},"end":{"line":null,"column":null}},"12":{"start":{"line":12,"column":19},"end":{"line":null,"column":null}},"13":{"start":{"line":15,"column":19},"end":{"line":null,"column":null}},"14":{"start":{"line":0,"column":0},"end":{"line":0,"column":0},"skip":true}},"branchMap":{"1":{"line":1,"type":"cond-expr","locations":[{"start":{"line":1,"column":32},"end":{"line":1,"column":32}},{"start":{"line":1,"column":32},"end":{"line":1,"column":44}}]},"2":{"line":1,"type":"binary-expr","locations":[{"start":{"line":1,"column":32},"end":{"line":1,"column":32}},{"start":{"line":1,"column":32},"end":{"line":1,"column":32}}]},"3":{"line":4,"type":"switch","locations":[{"start":{"line":4,"column":13},"end":{"line":null,"column":null}},{"start":{"line":9,"column":13},"end":{"line":null,"column":null}},{"start":{"line":0,"column":0},"end":{"line":0,"column":0},"skip":true}]}}},"D:\\Aaru\\Projects\\Overstock_B2B\\Sprint-2\\os_sprint_1-2_sass_eslint_testcase_2018_09_05\\app\\Components\\Govt\\GovtShoppingPreference\\GovtShoppingPreference.jsx":{"path":"D:\\Aaru\\Projects\\Overstock_B2B\\Sprint-2\\os_sprint_1-2_sass_eslint_testcase_2018_09_05\\app\\Components\\Govt\\GovtShoppingPreference\\GovtShoppingPreference.jsx","s":{},"b":{},"f":{},"fnMap":{},"statementMap":{},"branchMap":{}}}