TN:
SF:D:\Aaru\Projects\Overstock_B2B\Sprint-2\os_sprint_1-2_sass_eslint_testcase_2018_09_05\app\Components\Com\Com.jsx
FN:12,Com
FN:19,(anonymous_4)
FN:24,(anonymous_5)
FN:29,(anonymous_6)
FN:35,(anonymous_7)
FN:39,(anonymous_8)
FN:43,render
FNF:7
FNH:7
FNDA:1,Com
FNDA:3,(anonymous_4)
FNDA:1,(anonymous_5)
FNDA:1,(anonymous_6)
FNDA:1,(anonymous_7)
FNDA:1,(anonymous_8)
FNDA:7,render
DA:1,1
DA:2,1
DA:3,1
DA:4,1
DA:5,1
DA:6,1
DA:7,1
DA:8,1
DA:10,1
DA:11,1
DA:12,1
DA:14,1
DA:15,1
DA:16,1
DA:19,1
DA:20,3
DA:21,3
DA:24,1
DA:25,1
DA:26,1
DA:29,1
DA:30,1
DA:32,1
DA:35,1
DA:36,1
DA:39,1
DA:40,1
DA:44,7
DA:46,7
DA:88,1
LF:30
LH:30
BRDA:64,4,0,7
BRDA:64,4,1,3
BRDA:71,5,0,7
BRDA:71,5,1,2
BRDA:77,6,0,7
BRDA:77,6,1,1
BRF:6
BRH:6
end_of_record
TN:
SF:D:\Aaru\Projects\Overstock_B2B\Sprint-2\os_sprint_1-2_sass_eslint_testcase_2018_09_05\app\Components\Com\ComBusinessInfo\ComBusinessInfo.jsx
FN:40,ComBusinessInfo
FN:61,onClick
FN:81,onClick
FNF:3
FNH:3
FNDA:2,ComBusinessInfo
FNDA:1,onClick
FNDA:1,onClick
DA:1,1
DA:3,1
DA:6,1
DA:7,1
DA:8,1
DA:10,1
DA:24,1
DA:40,1
DA:41,2
DA:44,2
DA:61,1
DA:81,1
DA:109,1
LF:13
LH:13
BRDA:96,3,0,2
BRDA:96,3,1,1
BRDA:100,4,0,2
BRDA:100,4,1,1
BRF:4
BRH:4
end_of_record
TN:
SF:D:\Aaru\Projects\Overstock_B2B\Sprint-2\os_sprint_1-2_sass_eslint_testcase_2018_09_05\app\Components\Com\ComBusinessInfo\SmallBusiness\SmallBusiness.jsx
FN:8,required
FN:9,positiveValue
FN:12,validate
FN:27,renderField
FN:41,phoneChange
FN:62,customPhoneField
FN:77,normalizeZip
FN:85,SmallBusiness
FNF:8
FNH:8
FNDA:181,required
FNDA:2,positiveValue
FNDA:40,validate
FNDA:163,renderField
FNDA:7,phoneChange
FNDA:55,customPhoneField
FNDA:2,normalizeZip
FNDA:18,SmallBusiness
DA:1,1
DA:2,1
DA:3,1
DA:4,1
DA:5,1
DA:8,181
DA:9,1
DA:10,2
DA:12,1
DA:13,40
DA:15,40
DA:17,40
DA:19,40
DA:20,37
DA:21,3
DA:22,2
DA:24,40
DA:27,1
DA:28,163
DA:30,163
DA:41,1
DA:42,7
DA:43,7
DA:44,7
DA:45,7
DA:46,4
DA:47,2
DA:48,2
DA:49,1
DA:53,4
DA:54,3
DA:55,1
DA:56,2
DA:57,1
DA:62,1
DA:63,55
DA:65,55
DA:77,1
DA:78,2
DA:79,1
DA:81,1
DA:82,1
DA:85,1
DA:86,18
DA:92,18
DA:227,1
DA:232,1
LF:47
LH:47
BRDA:8,3,0,1
BRDA:8,3,1,180
BRDA:10,4,0,1
BRDA:10,4,1,1
BRDA:10,5,0,2
BRDA:10,5,1,2
BRDA:19,6,0,37
BRDA:19,6,1,3
BRDA:21,7,0,2
BRDA:21,7,1,1
BRDA:37,8,0,163
BRDA:37,8,1,1
BRDA:37,8,2,1
BRDA:45,9,0,4
BRDA:45,9,1,3
BRDA:46,10,0,2
BRDA:46,10,1,2
BRDA:48,11,0,1
BRDA:48,11,1,1
BRDA:53,12,0,3
BRDA:53,12,1,1
BRDA:54,13,0,1
BRDA:54,13,1,2
BRDA:56,14,0,1
BRDA:56,14,1,1
BRDA:73,15,0,55
BRDA:73,15,1,1
BRDA:73,15,2,1
BRDA:78,16,0,1
BRDA:78,16,1,1
BRF:30
BRH:30
end_of_record
TN:
SF:D:\Aaru\Projects\Overstock_B2B\Sprint-2\os_sprint_1-2_sass_eslint_testcase_2018_09_05\app\Components\Com\ComBusinessInfo\Corporation\Corporation.jsx
FN:11,required
FN:13,positiveValue
FN:16,validate
FN:31,renderField
FN:46,FieldFileInput
FN:56,(anonymous_10)
FN:64,phoneChange
FN:85,customPhoneField
FN:100,normalizeZip
FN:108,Corporation
FNF:10
FNH:9
FNDA:191,required
FNDA:2,positiveValue
FNDA:42,validate
FNDA:153,renderField
FNDA:20,FieldFileInput
FNDA:0,(anonymous_10)
FNDA:6,phoneChange
FNDA:58,customPhoneField
FNDA:2,normalizeZip
FNDA:19,Corporation
DA:1,1
DA:3,1
DA:4,1
DA:5,1
DA:6,1
DA:11,191
DA:13,1
DA:14,2
DA:16,1
DA:17,42
DA:19,42
DA:21,42
DA:23,42
DA:24,39
DA:25,3
DA:26,2
DA:28,42
DA:31,1
DA:32,153
DA:34,153
DA:46,1
DA:47,20
DA:49,20
DA:56,0
DA:64,1
DA:65,6
DA:66,6
DA:67,6
DA:68,6
DA:69,3
DA:70,1
DA:71,2
DA:72,1
DA:75,4
DA:76,4
DA:77,3
DA:78,1
DA:79,2
DA:80,1
DA:85,1
DA:86,58
DA:88,58
DA:100,1
DA:101,2
DA:102,1
DA:104,1
DA:105,1
DA:108,1
DA:110,19
DA:114,19
DA:274,1
DA:279,1
LF:52
LH:51
BRDA:11,3,0,1
BRDA:11,3,1,190
BRDA:14,4,0,1
BRDA:14,4,1,1
BRDA:14,5,0,2
BRDA:14,5,1,2
BRDA:23,6,0,39
BRDA:23,6,1,3
BRDA:25,7,0,2
BRDA:25,7,1,1
BRDA:41,8,0,153
BRDA:41,8,1,1
BRDA:41,8,2,1
BRDA:58,9,0,20
BRDA:58,9,1,1
BRDA:58,9,2,1
BRDA:68,10,0,3
BRDA:68,10,1,3
BRDA:69,11,0,1
BRDA:69,11,1,2
BRDA:71,12,0,1
BRDA:71,12,1,1
BRDA:76,13,0,3
BRDA:76,13,1,1
BRDA:77,14,0,1
BRDA:77,14,1,2
BRDA:79,15,0,1
BRDA:79,15,1,1
BRDA:96,16,0,58
BRDA:96,16,1,1
BRDA:96,16,2,1
BRDA:101,17,0,1
BRDA:101,17,1,1
BRF:33
BRH:33
end_of_record
TN:
SF:D:\Aaru\Projects\Overstock_B2B\Sprint-2\os_sprint_1-2_sass_eslint_testcase_2018_09_05\app\Components\Com\Quickverify\Quickverify.jsx
FN:6,validate
FN:21,normalizeCard
FN:51,renderField
FN:61,normalizeZip
FN:71,QuickVerify
FN:79,(anonymous_8)
FN:85,render
FNF:7
FNH:7
FNDA:45,validate
FNDA:9,normalizeCard
FNDA:171,renderField
FNDA:2,normalizeZip
FNDA:19,QuickVerify
FNDA:1,(anonymous_8)
FNDA:20,render
DA:1,1
DA:2,1
DA:3,1
DA:4,1
DA:6,1
DA:7,45
DA:8,45
DA:9,1
DA:10,44
DA:11,1
DA:12,43
DA:13,1
DA:14,42
DA:15,1
DA:18,45
DA:21,1
DA:22,9
DA:23,2
DA:25,7
DA:26,7
DA:28,5
DA:29,1
DA:31,4
DA:32,1
DA:34,3
DA:35,1
DA:38,4
DA:39,1
DA:41,3
DA:42,1
DA:44,2
DA:45,1
DA:47,1
DA:51,1
DA:52,171
DA:54,171
DA:61,1
DA:62,2
DA:63,1
DA:65,1
DA:66,1
DA:70,1
DA:71,1
DA:72,19
DA:73,19
DA:79,19
DA:80,1
DA:86,20
DA:87,20
DA:89,20
DA:142,1
LF:51
LH:51
BRDA:8,3,0,1
BRDA:8,3,1,44
BRDA:10,4,0,1
BRDA:10,4,1,43
BRDA:12,5,0,1
BRDA:12,5,1,42
BRDA:14,6,0,1
BRDA:14,6,1,41
BRDA:22,7,0,2
BRDA:22,7,1,7
BRDA:26,8,0,5
BRDA:26,8,1,2
BRDA:26,9,0,7
BRDA:26,9,1,3
BRDA:28,10,0,1
BRDA:28,10,1,4
BRDA:31,11,0,1
BRDA:31,11,1,3
BRDA:34,12,0,1
BRDA:34,12,1,2
BRDA:38,13,0,1
BRDA:38,13,1,3
BRDA:41,14,0,1
BRDA:41,14,1,2
BRDA:44,15,0,1
BRDA:44,15,1,1
BRDA:57,16,0,171
BRDA:57,16,1,0
BRDA:57,16,2,0
BRDA:62,17,0,1
BRDA:62,17,1,1
BRDA:72,18,0,19
BRDA:72,18,1,0
BRDA:133,19,0,1
BRDA:133,19,1,19
BRF:35
BRH:32
end_of_record
TN:
SF:D:\Aaru\Projects\Overstock_B2B\Sprint-2\os_sprint_1-2_sass_eslint_testcase_2018_09_05\app\Components\ShoppingPreference\ShoppingPreference.jsx
FN:11,ShoppingPreference
FN:31,(anonymous_4)
FN:51,(anonymous_5)
FN:65,(anonymous_6)
FN:75,(anonymous_7)
FN:77,(anonymous_8)
FN:83,(anonymous_9)
FN:94,(anonymous_10)
FN:109,(anonymous_11)
FN:111,onClick
FN:119,(anonymous_13)
FN:121,onClick
FN:133,(anonymous_15)
FN:137,(anonymous_16)
FN:23,componentWillMount
FN:27,componentWillUnmount
FN:150,render
FN:158,ref
FN:164,ref
FN:180,(anonymous_22)
FN:185,onClick
FNF:21
FNH:21
FNDA:17,ShoppingPreference
FNDA:5,(anonymous_4)
FNDA:32,(anonymous_5)
FNDA:2,(anonymous_6)
FNDA:1,(anonymous_7)
FNDA:1,(anonymous_8)
FNDA:1,(anonymous_9)
FNDA:32,(anonymous_10)
FNDA:16,(anonymous_11)
FNDA:1,onClick
FNDA:270,(anonymous_13)
FNDA:1,onClick
FNDA:1,(anonymous_15)
FNDA:1,(anonymous_16)
FNDA:17,componentWillMount
FNDA:1,componentWillUnmount
FNDA:32,render
FNDA:27,ref
FNDA:27,ref
FNDA:5,(anonymous_22)
FNDA:1,onClick
DA:1,1
DA:2,1
DA:3,1
DA:4,1
DA:5,1
DA:6,1
DA:7,1
DA:8,1
DA:10,1
DA:11,1
DA:12,17
DA:13,17
DA:20,17
DA:24,17
DA:28,1
DA:31,17
DA:32,5
DA:34,5
DA:35,3
DA:36,3
DA:42,2
DA:44,2
DA:49,2
DA:51,2
DA:52,32
DA:55,2
DA:57,2
DA:65,17
DA:66,2
DA:67,2
DA:68,1
DA:69,1
DA:75,17
DA:76,1
DA:77,1
DA:78,1
DA:83,17
DA:84,1
DA:85,1
DA:86,1
DA:87,1
DA:94,17
DA:95,32
DA:96,32
DA:100,32
DA:103,32
DA:110,16
DA:111,1
DA:120,270
DA:121,1
DA:133,17
DA:134,1
DA:137,17
DA:138,1
DA:139,1
DA:140,1
DA:141,1
DA:142,1
DA:151,32
DA:152,32
DA:154,32
DA:156,32
DA:158,27
DA:164,27
DA:181,5
DA:185,1
DA:215,1
LF:67
LH:67
BRDA:12,3,0,17
BRDA:12,3,1,0
BRDA:34,4,0,3
BRDA:34,4,1,2
BRDA:55,5,0,1
BRDA:55,5,1,1
BRDA:67,6,0,1
BRDA:67,6,1,1
BRDA:100,7,0,5
BRDA:100,7,1,27
BRDA:107,8,0,5
BRDA:107,8,1,27
BRDA:138,9,0,1
BRDA:138,9,1,0
BRDA:165,10,0,3
BRDA:165,10,1,29
BRDA:179,11,0,4
BRDA:179,11,1,28
BRDA:205,12,0,8
BRDA:205,12,1,24
BRDA:205,13,0,32
BRDA:205,13,1,27
BRF:22
BRH:20
end_of_record
TN:
SF:D:\Aaru\Projects\Overstock_B2B\Sprint-2\os_sprint_1-2_sass_eslint_testcase_2018_09_05\app\history.jsx
FNF:0
FNH:0
DA:1,1
DA:3,1
LF:2
LH:2
BRF:0
BRH:0
end_of_record
TN:
SF:D:\Aaru\Projects\Overstock_B2B\Sprint-2\os_sprint_1-2_sass_eslint_testcase_2018_09_05\app\Components\CreateAccount\CreateAccount.jsx
FN:5,validate
FN:31,renderField
FN:54,componentDidMount
FN:64,render
FN:66,handleSubmitForm
FN:109,onClick
FNF:6
FNH:6
FNDA:37,validate
FNDA:31,renderField
FNDA:15,componentDidMount
FNDA:15,render
FNDA:1,handleSubmitForm
FNDA:1,onClick
DA:1,1
DA:2,1
DA:3,1
DA:5,1
DA:6,37
DA:8,37
DA:9,37
DA:10,37
DA:12,37
DA:14,37
DA:15,35
DA:16,2
DA:17,1
DA:20,37
DA:21,34
DA:22,3
DA:23,1
DA:24,2
DA:25,1
DA:27,37
DA:31,1
DA:32,31
DA:35,31
DA:53,1
DA:55,15
DA:65,15
DA:66,15
DA:68,1
DA:69,1
DA:70,1
DA:71,0
DA:72,0
DA:73,0
DA:75,0
DA:79,15
DA:109,1
DA:121,1
DA:126,1
LF:38
LH:34
BRDA:14,3,0,35
BRDA:14,3,1,2
BRDA:16,4,0,1
BRDA:16,4,1,1
BRDA:20,5,0,34
BRDA:20,5,1,3
BRDA:22,6,0,1
BRDA:22,6,1,2
BRDA:24,7,0,1
BRDA:24,7,1,1
BRDA:46,8,0,31
BRDA:46,8,1,1
BRDA:46,8,2,1
BRDA:72,10,0,0
BRDA:72,10,1,0
BRF:15
BRH:13
end_of_record
TN:
SF:D:\Aaru\Projects\Overstock_B2B\Sprint-2\os_sprint_1-2_sass_eslint_testcase_2018_09_05\app\Components\Model\Model.jsx
FN:7,ModalPopup
FN:28,onClick
FNF:2
FNH:2
FNDA:19,ModalPopup
FNDA:1,onClick
DA:1,1
DA:2,1
DA:3,1
DA:4,1
DA:5,1
DA:7,1
DA:8,19
DA:10,19
DA:28,1
DA:34,1
LF:10
LH:10
BRF:0
BRH:0
end_of_record
TN:
SF:D:\Aaru\Projects\Overstock_B2B\Sprint-2\os_sprint_1-2_sass_eslint_testcase_2018_09_05\app\Components\Exitaccount\Exitaccount.jsx
FN:11,validate
FN:30,renderField
FN:53,Exitaccount
FN:59,(anonymous_6)
FN:65,handleChange
FN:73,render
FN:76,handleSubmitForm
FN:103,onClick
FN:191,onClick
FNF:9
FNH:9
FNDA:29,validate
FNDA:25,renderField
FNDA:12,Exitaccount
FNDA:1,(anonymous_6)
FNDA:2,handleChange
FNDA:16,render
FNDA:1,handleSubmitForm
FNDA:1,onClick
FNDA:1,onClick
DA:1,1
DA:2,1
DA:3,1
DA:4,1
DA:5,1
DA:9,1
DA:11,1
DA:12,29
DA:14,29
DA:15,29
DA:17,29
DA:18,27
DA:19,2
DA:20,1
DA:23,29
DA:24,28
DA:26,29
DA:30,1
DA:31,25
DA:34,25
DA:52,1
DA:53,1
DA:55,12
DA:56,12
DA:59,12
DA:60,1
DA:66,2
DA:67,2
DA:74,16
DA:75,16
DA:76,16
DA:77,1
DA:78,1
DA:81,16
DA:99,16
DA:103,1
DA:116,16
DA:191,1
DA:203,1
DA:208,1
LF:40
LH:40
BRDA:17,3,0,27
BRDA:17,3,1,2
BRDA:19,4,0,1
BRDA:19,4,1,1
BRDA:23,5,0,28
BRDA:23,5,1,1
BRDA:45,6,0,25
BRDA:45,6,1,1
BRDA:45,6,2,1
BRDA:83,8,0,2
BRDA:83,8,1,14
BRDA:101,9,0,2
BRDA:101,9,1,14
BRF:13
BRH:13
end_of_record
TN:
SF:D:\Aaru\Projects\Overstock_B2B\Sprint-2\os_sprint_1-2_sass_eslint_testcase_2018_09_05\app\Components\Footer\FooterComponent.jsx
FN:6,FooterComponent
FNF:1
FNH:1
FNDA:3,FooterComponent
DA:1,1
DA:2,1
DA:3,1
DA:6,1
DA:7,3
DA:41,1
LF:6
LH:6
BRF:0
BRH:0
end_of_record
TN:
SF:D:\Aaru\Projects\Overstock_B2B\Sprint-2\os_sprint_1-2_sass_eslint_testcase_2018_09_05\app\Components\FooterDetail\FooterDetail.jsx
FN:17,componentDidMount
FN:24,componentWillUnmount
FN:29,scrollToTop
FN:33,designer
FN:37,government
FN:41,corporate
FN:45,business
FN:49,render
FNF:8
FNH:8
FNDA:1,componentDidMount
FNDA:1,componentWillUnmount
FNDA:1,scrollToTop
FNDA:1,designer
FNDA:1,government
FNDA:1,corporate
FNDA:1,business
FNDA:1,render
DA:1,1
DA:2,1
DA:3,1
DA:6,1
DA:10,1
DA:11,1
DA:16,1
DA:18,1
DA:20,1
DA:21,1
DA:25,1
DA:26,1
DA:30,1
DA:34,1
DA:38,1
DA:42,1
DA:46,1
DA:51,1
DA:416,1
LF:19
LH:19
BRF:0
BRH:0
end_of_record
TN:
SF:D:\Aaru\Projects\Overstock_B2B\Sprint-2\os_sprint_1-2_sass_eslint_testcase_2018_09_05\app\Components\FooterDetail\ShopSocial.jsx
FN:9,ShopSocial
FNF:1
FNH:1
FNDA:4,ShopSocial
DA:1,1
DA:2,1
DA:6,1
DA:9,1
DA:10,4
DA:258,1
LF:6
LH:6
BRF:0
BRH:0
end_of_record
TN:
SF:D:\Aaru\Projects\Overstock_B2B\Sprint-2\os_sprint_1-2_sass_eslint_testcase_2018_09_05\app\Components\ForgotPassword\ForgotPassword.jsx
FN:6,validate
FN:42,renderField
FN:65,componentDidMount
FN:75,render
FN:77,handleSubmitForm
FNF:5
FNH:4
FNDA:28,validate
FNDA:23,renderField
FNDA:11,componentDidMount
FNDA:11,render
FNDA:0,handleSubmitForm
DA:1,1
DA:2,1
DA:3,1
DA:4,1
DA:6,1
DA:7,28
DA:8,28
DA:10,28
DA:12,28
DA:13,26
DA:16,28
DA:17,25
DA:20,28
DA:21,6
DA:23,28
DA:24,26
DA:25,2
DA:26,1
DA:27,1
DA:28,1
DA:30,28
DA:31,25
DA:32,3
DA:33,1
DA:34,2
DA:35,1
DA:38,28
DA:42,1
DA:43,23
DA:46,23
DA:64,1
DA:76,11
DA:77,11
DA:78,0
DA:79,0
DA:82,11
DA:108,1
LF:37
LH:35
BRDA:12,3,0,26
BRDA:12,3,1,2
BRDA:16,4,0,25
BRDA:16,4,1,3
BRDA:20,5,0,6
BRDA:20,5,1,22
BRDA:23,6,0,26
BRDA:23,6,1,2
BRDA:25,7,0,1
BRDA:25,7,1,1
BRDA:27,8,0,1
BRDA:27,8,1,0
BRDA:30,9,0,25
BRDA:30,9,1,3
BRDA:32,10,0,1
BRDA:32,10,1,2
BRDA:34,11,0,1
BRDA:34,11,1,1
BRDA:57,12,0,23
BRDA:57,12,1,1
BRDA:57,12,2,1
BRF:21
BRH:20
end_of_record
TN:
SF:D:\Aaru\Projects\Overstock_B2B\Sprint-2\os_sprint_1-2_sass_eslint_testcase_2018_09_05\app\Components\ForgotPassword\ForgotPasswordEmailTemplate.jsx
FN:5,ForgotPasswordEmailTemplate
FN:19,onClick
FNF:2
FNH:1
FNDA:5,ForgotPasswordEmailTemplate
FNDA:0,onClick
DA:1,1
DA:2,1
DA:3,1
DA:5,1
DA:6,5
DA:19,0
DA:29,1
LF:7
LH:6
BRF:0
BRH:0
end_of_record
TN:
SF:D:\Aaru\Projects\Overstock_B2B\Sprint-2\os_sprint_1-2_sass_eslint_testcase_2018_09_05\app\Components\ForgotPassword\SendEmail.jsx
FN:9,validate
FN:25,renderField
FN:47,SendEmail
FN:49,handleSubmitForm
FN:89,mapStateToProps
FNF:5
FNH:4
FNDA:25,validate
FNDA:12,renderField
FNDA:22,SendEmail
FNDA:0,handleSubmitForm
FNDA:12,mapStateToProps
DA:2,1
DA:3,1
DA:4,1
DA:5,1
DA:6,1
DA:7,1
DA:9,1
DA:10,25
DA:12,25
DA:14,25
DA:15,25
DA:16,23
DA:17,2
DA:18,1
DA:21,25
DA:25,1
DA:26,12
DA:29,12
DA:47,1
DA:48,22
DA:49,22
DA:50,0
DA:51,0
DA:55,22
DA:84,1
DA:89,12
DA:96,1
LF:27
LH:25
BRDA:15,3,0,23
BRDA:15,3,1,2
BRDA:17,4,0,1
BRDA:17,4,1,1
BRDA:40,5,0,12
BRDA:40,5,1,1
BRDA:40,5,2,1
BRF:7
BRH:7
end_of_record
TN:
SF:D:\Aaru\Projects\Overstock_B2B\Sprint-2\os_sprint_1-2_sass_eslint_testcase_2018_09_05\app\Components\Govt\Govt.jsx
FN:11,Govt
FN:16,(anonymous_4)
FN:21,(anonymous_5)
FN:26,(anonymous_6)
FN:31,(anonymous_7)
FN:35,render
FNF:6
FNH:6
FNDA:10,Govt
FNDA:1,(anonymous_4)
FNDA:1,(anonymous_5)
FNDA:1,(anonymous_6)
FNDA:1,(anonymous_7)
FNDA:12,render
DA:1,1
DA:2,1
DA:3,1
DA:4,1
DA:5,1
DA:6,1
DA:7,1
DA:9,1
DA:10,1
DA:11,1
DA:13,10
DA:16,10
DA:17,1
DA:18,1
DA:21,10
DA:22,1
DA:23,1
DA:26,10
DA:27,1
DA:28,1
DA:31,10
DA:32,1
DA:36,12
DA:38,12
DA:70,1
LF:25
LH:25
BRDA:53,4,0,12
BRDA:53,4,1,11
BRDA:58,5,0,12
BRDA:58,5,1,1
BRF:4
BRH:4
end_of_record
TN:
SF:D:\Aaru\Projects\Overstock_B2B\Sprint-2\os_sprint_1-2_sass_eslint_testcase_2018_09_05\app\Components\Govt\GovtBusinessInfo\GovtBusinessInfo.jsx
FN:14,required
FN:15,positiveValue
FN:19,validate
FN:35,renderField
FN:49,renderDropDown
FN:55,(anonymous_7)
FN:66,phoneChange
FN:87,customPhoneField
FN:102,normalizeZip
FN:112,render
FN:272,mapStateToProps
FN:277,matchDispatchToProps
FNF:12
FNH:12
FNDA:56,required
FNDA:2,positiveValue
FNDA:12,validate
FNDA:41,renderField
FNDA:6,renderDropDown
FNDA:48,(anonymous_7)
FNDA:4,phoneChange
FNDA:16,customPhoneField
FNDA:2,normalizeZip
FNDA:5,render
FNDA:5,mapStateToProps
FNDA:5,matchDispatchToProps
DA:1,1
DA:2,1
DA:4,1
DA:5,1
DA:6,1
DA:7,1
DA:8,1
DA:9,1
DA:11,1
DA:14,56
DA:15,1
DA:16,2
DA:19,1
DA:20,12
DA:22,12
DA:24,12
DA:26,12
DA:27,11
DA:28,1
DA:29,1
DA:31,12
DA:35,1
DA:36,41
DA:38,41
DA:49,6
DA:50,6
DA:56,48
DA:66,1
DA:67,4
DA:68,4
DA:69,4
DA:70,4
DA:71,1
DA:72,1
DA:73,0
DA:74,0
DA:78,3
DA:79,3
DA:80,1
DA:81,2
DA:82,1
DA:87,1
DA:88,16
DA:90,16
DA:102,1
DA:103,2
DA:104,1
DA:106,1
DA:107,1
DA:111,1
DA:113,5
DA:116,5
DA:257,1
DA:262,1
DA:270,1
DA:272,5
DA:277,5
DA:283,1
LF:58
LH:56
BRDA:14,3,0,1
BRDA:14,3,1,55
BRDA:16,4,0,1
BRDA:16,4,1,1
BRDA:16,5,0,2
BRDA:16,5,1,2
BRDA:26,6,0,11
BRDA:26,6,1,1
BRDA:28,7,0,1
BRDA:28,7,1,0
BRDA:45,8,0,41
BRDA:45,8,1,1
BRDA:45,8,2,1
BRDA:62,9,0,6
BRDA:62,9,1,1
BRDA:62,9,2,1
BRDA:70,10,0,1
BRDA:70,10,1,3
BRDA:71,11,0,1
BRDA:71,11,1,0
BRDA:73,12,0,0
BRDA:73,12,1,0
BRDA:78,13,0,3
BRDA:78,13,1,0
BRDA:79,14,0,1
BRDA:79,14,1,2
BRDA:81,15,0,1
BRDA:81,15,1,1
BRDA:98,16,0,16
BRDA:98,16,1,1
BRDA:98,16,2,1
BRDA:103,17,0,1
BRDA:103,17,1,1
BRF:33
BRH:28
end_of_record
TN:
SF:D:\Aaru\Projects\Overstock_B2B\Sprint-2\os_sprint_1-2_sass_eslint_testcase_2018_09_05\app\actions\LoginAction.js
FN:3,loginValues
FN:8,getEmailId
FNF:2
FNH:2
FNDA:1,loginValues
FNDA:1,getEmailId
DA:1,1
DA:3,1
DA:8,1
DA:13,1
LF:4
LH:4
BRF:0
BRH:0
end_of_record
TN:
SF:D:\Aaru\Projects\Overstock_B2B\Sprint-2\os_sprint_1-2_sass_eslint_testcase_2018_09_05\app\Components\Header\HeaderComponent.jsx
FN:6,HeaderComponent
FN:9,onClick
FNF:2
FNH:2
FNDA:1,HeaderComponent
FNDA:1,onClick
DA:1,1
DA:2,1
DA:3,1
DA:4,1
DA:6,1
DA:7,1
DA:9,1
DA:16,1
LF:8
LH:8
BRF:0
BRH:0
end_of_record
TN:
SF:D:\Aaru\Projects\Overstock_B2B\Sprint-2\os_sprint_1-2_sass_eslint_testcase_2018_09_05\app\Components\HomePage\HomePage.jsx
FN:11,HomePage
FN:16,(anonymous_4)
FN:22,render
FNF:3
FNH:3
FNDA:1,HomePage
FNDA:2,(anonymous_4)
FNDA:3,render
DA:1,1
DA:2,1
DA:3,1
DA:5,1
DA:10,1
DA:11,1
DA:13,1
DA:16,1
DA:18,2
DA:19,2
DA:23,3
DA:25,3
DA:35,1
LF:13
LH:13
BRDA:28,4,0,3
BRDA:28,4,1,1
BRF:2
BRH:2
end_of_record
TN:
SF:D:\Aaru\Projects\Overstock_B2B\Sprint-2\os_sprint_1-2_sass_eslint_testcase_2018_09_05\app\Components\Model\SuccessPopup.jsx
FN:6,ModalPopup
FNF:1
FNH:1
FNDA:1,ModalPopup
DA:1,1
DA:2,1
DA:3,1
DA:4,1
DA:6,1
DA:8,1
DA:11,1
DA:32,1
LF:8
LH:8
BRDA:13,3,0,1
BRDA:13,3,1,1
BRDA:15,4,0,1
BRDA:15,4,1,1
BRDA:23,5,0,1
BRDA:23,5,1,1
BRF:6
BRH:6
end_of_record
TN:
SF:D:\Aaru\Projects\Overstock_B2B\Sprint-2\os_sprint_1-2_sass_eslint_testcase_2018_09_05\app\Components\Layout.jsx
FN:6,Layout
FNF:1
FNH:1
FNDA:1,Layout
DA:1,1
DA:2,1
DA:3,1
DA:4,1
DA:6,1
DA:7,1
DA:13,1
DA:17,1
LF:8
LH:8
BRF:0
BRH:0
end_of_record
TN:
SF:D:\Aaru\Projects\Overstock_B2B\Sprint-2\os_sprint_1-2_sass_eslint_testcase_2018_09_05\app\Components\Login\Login.jsx
FN:10,validate
FN:36,renderField
FN:59,Login
FN:70,(anonymous_6)
FN:74,(anonymous_7)
FN:80,(anonymous_8)
FN:86,(anonymous_9)
FN:92,(anonymous_10)
FN:66,componentDidMount
FN:96,escFunction
FN:102,render
FN:105,handleSubmitForm
FN:143,onClick
FN:150,onClick
FN:156,onClick
FN:172,mapStateToProps
FN:177,matchDispatchToProps
FNF:17
FNH:16
FNDA:41,validate
FNDA:33,renderField
FNDA:32,Login
FNDA:1,(anonymous_6)
FNDA:1,(anonymous_7)
FNDA:1,(anonymous_8)
FNDA:1,(anonymous_9)
FNDA:2,(anonymous_10)
FNDA:32,componentDidMount
FNDA:1,escFunction
FNDA:34,render
FNDA:0,handleSubmitForm
FNDA:1,onClick
FNDA:1,onClick
FNDA:1,onClick
FNDA:16,mapStateToProps
FNDA:16,matchDispatchToProps
DA:1,1
DA:2,1
DA:3,1
DA:4,1
DA:5,1
DA:6,1
DA:7,1
DA:8,1
DA:10,1
DA:11,41
DA:13,41
DA:14,41
DA:15,41
DA:17,41
DA:19,41
DA:20,38
DA:21,3
DA:22,2
DA:25,41
DA:26,38
DA:27,3
DA:28,1
DA:29,2
DA:30,1
DA:32,41
DA:36,1
DA:37,33
DA:40,33
DA:58,1
DA:59,1
DA:61,32
DA:67,32
DA:70,32
DA:71,1
DA:74,32
DA:75,1
DA:80,32
DA:81,1
DA:82,1
DA:83,0
DA:86,32
DA:87,1
DA:88,1
DA:89,0
DA:92,32
DA:93,2
DA:97,1
DA:98,0
DA:103,34
DA:104,34
DA:105,34
DA:106,0
DA:107,0
DA:110,34
DA:143,1
DA:150,1
DA:156,1
DA:167,1
DA:171,1
DA:172,16
DA:177,16
DA:183,1
LF:62
LH:57
BRDA:19,3,0,38
BRDA:19,3,1,3
BRDA:21,4,0,2
BRDA:21,4,1,1
BRDA:25,5,0,38
BRDA:25,5,1,3
BRDA:27,6,0,1
BRDA:27,6,1,2
BRDA:29,7,0,1
BRDA:29,7,1,1
BRDA:51,8,0,33
BRDA:51,8,1,1
BRDA:51,8,2,1
BRDA:97,10,0,0
BRDA:97,10,1,1
BRF:15
BRH:14
end_of_record
TN:
SF:D:\Aaru\Projects\Overstock_B2B\Sprint-2\os_sprint_1-2_sass_eslint_testcase_2018_09_05\app\Components\PrivateRouter\PrivateRouter.jsx
FN:4,PrivateRoute
FN:7,render
FNF:2
FNH:1
FNDA:1,PrivateRoute
FNDA:0,render
DA:1,1
DA:2,1
DA:4,1
DA:5,1
DA:8,0
DA:14,1
LF:6
LH:5
BRDA:9,3,0,0
BRDA:9,3,1,0
BRF:2
BRH:0
end_of_record
TN:
SF:D:\Aaru\Projects\Overstock_B2B\Sprint-2\os_sprint_1-2_sass_eslint_testcase_2018_09_05\app\Components\ShopYesorNo\ShopYesorNo.jsx
FN:6,ShopYesorNo
FN:9,onClick
FN:10,onClick
FNF:3
FNH:3
FNDA:6,ShopYesorNo
FNDA:1,onClick
FNDA:1,onClick
DA:1,1
DA:2,1
DA:3,1
DA:4,1
DA:6,1
DA:7,6
DA:9,1
DA:10,1
DA:17,1
LF:9
LH:9
BRF:0
BRH:0
end_of_record
TN:
SF:D:\Aaru\Projects\Overstock_B2B\Sprint-2\os_sprint_1-2_sass_eslint_testcase_2018_09_05\app\Components\Signup\SignupPage.jsx
FN:10,SignupPage
FNF:1
FNH:1
FNDA:3,SignupPage
DA:1,1
DA:2,1
DA:3,1
DA:4,1
DA:5,1
DA:6,1
DA:7,1
DA:10,3
DA:11,3
DA:13,3
DA:39,1
LF:11
LH:11
BRDA:20,3,0,3
BRDA:20,3,1,3
BRDA:20,3,2,2
BRDA:21,4,0,3
BRDA:21,4,1,3
BRDA:21,4,2,1
BRF:6
BRH:6
end_of_record
TN:
SF:D:\Aaru\Projects\Overstock_B2B\Sprint-2\os_sprint_1-2_sass_eslint_testcase_2018_09_05\app\Components\Signup\SignupForm.jsx
FN:10,validate
FN:36,renderField
FN:59,componentDidMount
FN:81,render
FN:84,handlePagesOnSubmit
FN:125,onClick
FNF:6
FNH:6
FNDA:29,validate
FNDA:23,renderField
FNDA:11,componentDidMount
FNDA:11,render
FNDA:1,handlePagesOnSubmit
FNDA:1,onClick
DA:1,1
DA:2,1
DA:5,1
DA:6,1
DA:7,1
DA:8,1
DA:10,1
DA:11,29
DA:13,29
DA:14,29
DA:15,29
DA:17,29
DA:18,29
DA:19,27
DA:20,2
DA:21,1
DA:24,29
DA:25,26
DA:26,3
DA:27,1
DA:28,2
DA:29,1
DA:31,29
DA:36,1
DA:37,23
DA:40,23
DA:58,1
DA:82,11
DA:84,11
DA:85,1
DA:86,1
DA:87,1
DA:88,0
DA:89,0
DA:90,0
DA:92,0
DA:97,11
DA:125,1
DA:132,1
LF:39
LH:35
BRDA:18,3,0,27
BRDA:18,3,1,2
BRDA:20,4,0,1
BRDA:20,4,1,1
BRDA:24,5,0,26
BRDA:24,5,1,3
BRDA:26,6,0,1
BRDA:26,6,1,2
BRDA:28,7,0,1
BRDA:28,7,1,1
BRDA:50,8,0,23
BRDA:50,8,1,1
BRDA:50,8,2,1
BRDA:89,10,0,0
BRDA:89,10,1,0
BRF:15
BRH:13
end_of_record
TN:
SF:D:\Aaru\Projects\Overstock_B2B\Sprint-2\os_sprint_1-2_sass_eslint_testcase_2018_09_05\app\Components\Signup\table.jsx
FN:4,TableInfo
FNF:1
FNH:1
FNDA:3,TableInfo
DA:1,1
DA:2,1
DA:4,1
DA:5,3
DA:57,1
LF:5
LH:5
BRF:0
BRH:0
end_of_record
TN:
SF:D:\Aaru\Projects\Overstock_B2B\Sprint-2\os_sprint_1-2_sass_eslint_testcase_2018_09_05\app\reducers\LoginReducer.js
FN:1,(anonymous_1)
FNF:1
FNH:1
FNDA:4,(anonymous_1)
DA:1,4
DA:2,4
DA:3,4
DA:5,2
DA:6,2
DA:7,2
DA:10,1
DA:11,1
DA:12,1
DA:15,1
LF:10
LH:10
BRDA:1,1,0,1
BRDA:1,1,1,3
BRDA:1,2,0,4
BRDA:1,2,1,4
BRDA:4,3,0,2
BRDA:4,3,1,1
BRDA:4,3,2,1
BRF:7
BRH:7
end_of_record
TN:
SF:D:\Aaru\Projects\Overstock_B2B\Sprint-2\os_sprint_1-2_sass_eslint_testcase_2018_09_05\app\Components\Govt\GovtShoppingPreference\GovtShoppingPreference.jsx
FNF:0
FNH:0
LF:0
LH:0
BRF:0
BRH:0
end_of_record
